#
# A fatal error has been detected by the Java Runtime Environment:
#
#  EXCEPTION_ACCESS_VIOLATION (0xc0000005) at pc=0x00007ff89349b760, pid=18204, tid=0x0000000000002cc8
#
# JRE version: Java(TM) SE Runtime Environment (8.0_201-b09) (build 1.8.0_201-b09)
# Java VM: Java HotSpot(TM) 64-Bit Server VM (25.201-b09 mixed mode windows-amd64 compressed oops)
# Problematic frame:
# C  [ig9icd64.dll+0x2db760]
#
# Failed to write core dump. Minidumps are not enabled by default on client versions of Windows
#
# If you would like to submit a bug report, please visit:
#   http://bugreport.java.com/bugreport/crash.jsp
# The crash happened outside the Java Virtual Machine in native code.
# See problematic frame for where to report the bug.
#

---------------  T H R E A D  ---------------

Current thread (0x000000001b0c1000):  JavaThread "Flappy" [_thread_in_native, id=11464, stack(0x000000001b860000,0x000000001b960000)]

siginfo: ExceptionCode=0xc0000005, reading address 0x0000000000000000

Registers:
RAX=0x00000000006d6b80, RBX=0x0000000000000000, RCX=0x0000000025df9ab0, RDX=0x0000000000000010
RSP=0x000000001b95ed60, RBP=0x0000000000008b5c, RSI=0x000000001d857440, RDI=0x0000000025df23b0
R8 =0xffffffffda206550, R9 =0x0000000000000000, R10=0x0000000000000010, R11=0x000000000076e550
R12=0x0000000000000040, R13=0x000000001d88c078, R14=0x0000000025df23b0, R15=0x0000000025e09170
RIP=0x00007ff89349b760, EFLAGS=0x0000000000010287

Top of Stack: (sp=0x000000001b95ed60)
0x000000001b95ed60:   0000000000000000 0000000000000000
0x000000001b95ed70:   000000001b95ee00 0000000000000000
0x000000001b95ed80:   0000000000000000 00007ff8b9cae400
0x000000001b95ed90:   00008b5c1b0c1000 0000000025df23b0
0x000000001b95eda0:   0000000000000040 0000000400000000
0x000000001b95edb0:   0000000000000001 000000000076e550
0x000000001b95edc0:   0000000025df23b0 000000001b95ef30
0x000000001b95edd0:   000000001b95ef30 000000001dace740
0x000000001b95ede0:   0000000000000000 000000001b0c1000
0x000000001b95edf0:   00000000025c7f10 0000000016e1dd50
0x000000001b95ee00:   000000001dace740 00007ff8934987a1
0x000000001b95ee10:   000000001b95eef0 000000001d857440
0x000000001b95ee20:   0000000000000000 00007ff893590b72
0x000000001b95ee30:   0000000000000001 000000001b0c1000
0x000000001b95ee40:   0000000000000000 0000000016e1dd50
0x000000001b95ee50:   000000001b95ef30 00000000025e1df0 

Instructions: (pc=0x00007ff89349b760)
0x00007ff89349b740:   43 0c 89 41 0c e9 a2 00 00 00 45 85 d2 0f 84 99
0x00007ff89349b750:   00 00 00 4c 8b c3 41 8b d2 4c 2b c1 0f 1f 40 00
0x00007ff89349b760:   41 8b 04 08 89 01 48 8d 49 04 48 83 ea 01 75 f0
0x00007ff89349b770:   eb 7a 81 fd 56 8b 00 00 75 34 8b 03 f7 d8 49 8b 


Register to memory mapping:

RAX=0x00000000006d6b80 is an unknown value
RBX=0x0000000000000000 is an unknown value
RCX=0x0000000025df9ab0 is an unknown value
RDX=0x0000000000000010 is an unknown value
RSP=0x000000001b95ed60 is pointing into the stack for thread: 0x000000001b0c1000
RBP=0x0000000000008b5c is an unknown value
RSI=0x000000001d857440 is an unknown value
RDI=0x0000000025df23b0 is an unknown value
R8 =0xffffffffda206550 is an unknown value
R9 =0x0000000000000000 is an unknown value
R10=0x0000000000000010 is an unknown value
R11=0x000000000076e550 is an unknown value
R12=0x0000000000000040 is an unknown value
R13=0x000000001d88c078 is an unknown value
R14=0x0000000025df23b0 is an unknown value
R15=0x0000000025e09170 is an unknown value


Stack: [0x000000001b860000,0x000000001b960000],  sp=0x000000001b95ed60,  free space=1019k
Native frames: (J=compiled Java code, j=interpreted, Vv=VM code, C=native code)
C  [ig9icd64.dll+0x2db760]
C  [ig9icd64.dll+0x2d87a1]
C  0x00000000025e1df0

Java frames: (J=compiled Java code, j=interpreted, Vv=VM code)
j  org.lwjgl.opengl.GL20C.nglUniformMatrix4fv(IIZJ)V+0
j  org.lwjgl.opengl.GL20C.glUniformMatrix4fv(IZLjava/nio/FloatBuffer;)V+12
j  org.lwjgl.opengl.GL20.glUniformMatrix4fv(IZLjava/nio/FloatBuffer;)V+3
j  pl.klakier.flappybird.graphics.Shader.setUniformMat4f(Ljava/lang/String;Lpl/klakier/flappybird/math/Matrix4f;)V+10
j  pl.klakier.flappybird.Main.init()V+240
j  pl.klakier.flappybird.Main.run()V+1
j  java.lang.Thread.run()V+11
v  ~StubRoutines::call_stub

---------------  P R O C E S S  ---------------

Java Threads: ( => current thread )
  0x00000000024c3800 JavaThread "DestroyJavaVM" [_thread_blocked, id=19180, stack(0x00000000021f0000,0x00000000022f0000)]
=>0x000000001b0c1000 JavaThread "Flappy" [_thread_in_native, id=11464, stack(0x000000001b860000,0x000000001b960000)]
  0x000000001900a800 JavaThread "Service Thread" daemon [_thread_blocked, id=9944, stack(0x000000001ae60000,0x000000001af60000)]
  0x0000000018f7f000 JavaThread "C1 CompilerThread3" daemon [_thread_blocked, id=27048, stack(0x000000001ad60000,0x000000001ae60000)]
  0x0000000018f7e800 JavaThread "C2 CompilerThread2" daemon [_thread_blocked, id=25312, stack(0x000000001ac60000,0x000000001ad60000)]
  0x0000000018f7b800 JavaThread "C2 CompilerThread1" daemon [_thread_blocked, id=22012, stack(0x000000001ab60000,0x000000001ac60000)]
  0x0000000018f74000 JavaThread "C2 CompilerThread0" daemon [_thread_blocked, id=11500, stack(0x000000001aa60000,0x000000001ab60000)]
  0x0000000018dd0800 JavaThread "JDWP Command Reader" daemon [_thread_in_native, id=3956, stack(0x000000001a960000,0x000000001aa60000)]
  0x0000000018dc5800 JavaThread "JDWP Event Helper Thread" daemon [_thread_blocked, id=1464, stack(0x000000001a860000,0x000000001a960000)]
  0x0000000018db9800 JavaThread "JDWP Transport Listener: dt_socket" daemon [_thread_blocked, id=12760, stack(0x000000001a760000,0x000000001a860000)]
  0x0000000018daf000 JavaThread "Attach Listener" daemon [_thread_blocked, id=19388, stack(0x000000001a320000,0x000000001a420000)]
  0x00000000176ce800 JavaThread "Signal Dispatcher" daemon [_thread_blocked, id=25188, stack(0x000000001a220000,0x000000001a320000)]
  0x0000000018da3800 JavaThread "Finalizer" daemon [_thread_blocked, id=26076, stack(0x000000001a010000,0x000000001a110000)]
  0x00000000025be000 JavaThread "Reference Handler" daemon [_thread_blocked, id=24244, stack(0x0000000019f10000,0x000000001a010000)]

Other Threads:
  0x0000000018d82800 VMThread [stack: 0x0000000019e10000,0x0000000019f10000] [id=19464]
  0x00000000190a3000 WatcherThread [stack: 0x000000001af60000,0x000000001b060000] [id=14084]

VM state:not at safepoint (normal execution)

VM Mutex/Monitor currently owned by a thread: None

heap address: 0x0000000082600000, size: 2010 MB, Compressed Oops mode: 32-bit
Narrow klass base: 0x0000000000000000, Narrow klass shift: 3
Compressed class space size: 1073741824 Address: 0x0000000100000000

Heap:
 PSYoungGen      total 37888K, used 19071K [0x00000000d6200000, 0x00000000d8c00000, 0x0000000100000000)
  eden space 32768K, 47% used [0x00000000d6200000,0x00000000d714ac40,0x00000000d8200000)
  from space 5120K, 66% used [0x00000000d8200000,0x00000000d85552f0,0x00000000d8700000)
  to   space 5120K, 0% used [0x00000000d8700000,0x00000000d8700000,0x00000000d8c00000)
 ParOldGen       total 86016K, used 16K [0x0000000082600000, 0x0000000087a00000, 0x00000000d6200000)
  object space 86016K, 0% used [0x0000000082600000,0x0000000082604000,0x0000000087a00000)
 Metaspace       used 10791K, capacity 10983K, committed 11136K, reserved 1058816K
  class space    used 920K, capacity 1035K, committed 1152K, reserved 1048576K

Card table byte_map: [0x0000000011980000,0x0000000011d70000] byte_map_base: 0x000000001156d000

Marking Bits: (ParMarkBitMap*) 0x000000006aad4ce0
 Begin Bits: [0x0000000012a10000, 0x0000000014978000)
 End Bits:   [0x0000000014978000, 0x00000000168e0000)

Polling page: 0x00000000008d0000

CodeCache: size=245760Kb used=4266Kb max_used=4358Kb free=241493Kb
 bounds [0x00000000025c0000, 0x0000000002a10000, 0x00000000115c0000]
 total_blobs=1709 nmethods=819 adapters=811
 compilation: enabled

Compilation events (10 events):
Event: 1.653 Thread 0x0000000018f7f000 nmethod 819 0x00000000029afb10 code [0x00000000029afca0, 0x00000000029affd8]
Event: 1.667 Thread 0x0000000018f74000 nmethod 786 0x00000000029b3e90 code [0x00000000029b4200, 0x00000000029b5c90]
Event: 1.667 Thread 0x0000000018f74000  780       4       org.eclipse.jdt.launching.internal.org.objectweb.asm.MethodWriter::computeMethodInfoSize (571 bytes)
Event: 1.683 Thread 0x0000000018f74000 nmethod 780 0x00000000029b8750 code [0x00000000029b89a0, 0x00000000029b9728]
Event: 1.683 Thread 0x0000000018f74000  816       4       org.eclipse.jdt.launching.internal.org.objectweb.asm.ClassReader::readVerificationTypeInfo (184 bytes)
Event: 1.703 Thread 0x0000000018f74000 nmethod 816 0x00000000029ba650 code [0x00000000029ba860, 0x00000000029bbd08]
Event: 1.703 Thread 0x0000000018f74000  818       4       sun.nio.cs.SingleByte$Decoder::decode (11 bytes)
Event: 1.704 Thread 0x0000000018f74000 nmethod 818 0x00000000029ae350 code [0x00000000029ae480, 0x00000000029ae558]
Event: 1.806 Thread 0x0000000018f7b800 nmethod 817 0x00000000029c3fd0 code [0x00000000029c45c0, 0x00000000029c9cd0]
Event: 1.933 Thread 0x0000000018f7e800 nmethod 500 0x00000000029e60d0 code [0x00000000029e6f60, 0x00000000029fca60]

GC Heap History (2 events):
Event: 1.466 GC heap before
{Heap before GC invocations=1 (full 0):
 PSYoungGen      total 37888K, used 32768K [0x00000000d6200000, 0x00000000d8c00000, 0x0000000100000000)
  eden space 32768K, 100% used [0x00000000d6200000,0x00000000d8200000,0x00000000d8200000)
  from space 5120K, 0% used [0x00000000d8700000,0x00000000d8700000,0x00000000d8c00000)
  to   space 5120K, 0% used [0x00000000d8200000,0x00000000d8200000,0x00000000d8700000)
 ParOldGen       total 86016K, used 0K [0x0000000082600000, 0x0000000087a00000, 0x00000000d6200000)
  object space 86016K, 0% used [0x0000000082600000,0x0000000082600000,0x0000000087a00000)
 Metaspace       used 9294K, capacity 9477K, committed 9728K, reserved 1058816K
  class space    used 860K, capacity 938K, committed 1024K, reserved 1048576K
Event: 1.474 GC heap after
Heap after GC invocations=1 (full 0):
 PSYoungGen      total 37888K, used 3412K [0x00000000d6200000, 0x00000000d8c00000, 0x0000000100000000)
  eden space 32768K, 0% used [0x00000000d6200000,0x00000000d6200000,0x00000000d8200000)
  from space 5120K, 66% used [0x00000000d8200000,0x00000000d85552f0,0x00000000d8700000)
  to   space 5120K, 0% used [0x00000000d8700000,0x00000000d8700000,0x00000000d8c00000)
 ParOldGen       total 86016K, used 16K [0x0000000082600000, 0x0000000087a00000, 0x00000000d6200000)
  object space 86016K, 0% used [0x0000000082600000,0x0000000082604000,0x0000000087a00000)
 Metaspace       used 9294K, capacity 9477K, committed 9728K, reserved 1058816K
  class space    used 860K, capacity 938K, committed 1024K, reserved 1048576K
}

Deoptimization events (3 events):
Event: 0.699 Thread 0x000000001b0c1000 Uncommon trap: reason=unstable_if action=reinterpret pc=0x000000000273e994 method=org.eclipse.jdt.launching.internal.org.objectweb.asm.ClassReader.readUtf(II[C)Ljava/lang/String; @ 41
Event: 0.699 Thread 0x000000001b0c1000 Uncommon trap: reason=unstable_if action=reinterpret pc=0x00000000027efffc method=org.eclipse.jdt.launching.internal.org.objectweb.asm.ByteVector.putUTF8(Ljava/lang/String;)Lorg/eclipse/jdt/launching/internal/org/objectweb/asm/ByteVector; @ 100
Event: 0.699 Thread 0x000000001b0c1000 Uncommon trap: reason=unstable_if action=reinterpret pc=0x000000000273cdac method=org.eclipse.jdt.launching.internal.org.objectweb.asm.ByteVector.putUTF8(Ljava/lang/String;)Lorg/eclipse/jdt/launching/internal/org/objectweb/asm/ByteVector; @ 100

Classes redefined (0 events):
No events

Internal exceptions (10 events):
Event: 0.648 Thread 0x000000001b0c1000 Exception <a 'java/security/PrivilegedActionException'> (0x00000000d6f5e288) thrown at [C:\re\workspace\8-2-build-windows-amd64-cygwin\jdk8u201\12322\hotspot\src\share\vm\prims\jvm.cpp, line 1502]
Event: 0.648 Thread 0x000000001b0c1000 Exception <a 'java/security/PrivilegedActionException'> (0x00000000d6f5e498) thrown at [C:\re\workspace\8-2-build-windows-amd64-cygwin\jdk8u201\12322\hotspot\src\share\vm\prims\jvm.cpp, line 1502]
Event: 0.689 Thread 0x000000001b0c1000 Exception <a 'sun/nio/fs/WindowsException'> (0x00000000d70059e8) thrown at [C:\re\workspace\8-2-build-windows-amd64-cygwin\jdk8u201\12322\hotspot\src\share\vm\prims\jni.cpp, line 709]
Event: 0.689 Thread 0x000000001b0c1000 Exception <a 'sun/nio/fs/WindowsException'> (0x00000000d7007338) thrown at [C:\re\workspace\8-2-build-windows-amd64-cygwin\jdk8u201\12322\hotspot\src\share\vm\prims\jni.cpp, line 709]
Event: 0.763 Thread 0x000000001b0c1000 Exception <a 'sun/nio/fs/WindowsException'> (0x00000000d72d1470) thrown at [C:\re\workspace\8-2-build-windows-amd64-cygwin\jdk8u201\12322\hotspot\src\share\vm\prims\jni.cpp, line 709]
Event: 0.763 Thread 0x000000001b0c1000 Exception <a 'sun/nio/fs/WindowsException'> (0x00000000d72d1b50) thrown at [C:\re\workspace\8-2-build-windows-amd64-cygwin\jdk8u201\12322\hotspot\src\share\vm\prims\jni.cpp, line 709]
Event: 1.157 Thread 0x000000001b0c1000 Exception <a 'sun/nio/fs/WindowsException'> (0x00000000d750ba20) thrown at [C:\re\workspace\8-2-build-windows-amd64-cygwin\jdk8u201\12322\hotspot\src\share\vm\prims\jni.cpp, line 709]
Event: 1.158 Thread 0x000000001b0c1000 Exception <a 'sun/nio/fs/WindowsException'> (0x00000000d750c160) thrown at [C:\re\workspace\8-2-build-windows-amd64-cygwin\jdk8u201\12322\hotspot\src\share\vm\prims\jni.cpp, line 709]
Event: 1.161 Thread 0x000000001b0c1000 Exception <a 'sun/nio/fs/WindowsException'> (0x00000000d7518ff8) thrown at [C:\re\workspace\8-2-build-windows-amd64-cygwin\jdk8u201\12322\hotspot\src\share\vm\prims\jni.cpp, line 709]
Event: 1.161 Thread 0x000000001b0c1000 Exception <a 'sun/nio/fs/WindowsException'> (0x00000000d75195f0) thrown at [C:\re\workspace\8-2-build-windows-amd64-cygwin\jdk8u201\12322\hotspot\src\share\vm\prims\jni.cpp, line 709]

Events (10 events):
Event: 154.560 Executing VM operation: GetCurrentLocation
Event: 154.560 Executing VM operation: GetCurrentLocation done
Event: 154.560 Executing VM operation: ChangeSingleStep
Event: 154.560 Executing VM operation: ChangeSingleStep done
Event: 154.562 Executing VM operation: GetOrSetLocal
Event: 154.562 Executing VM operation: GetOrSetLocal done
Event: 154.565 Executing VM operation: ChangeSingleStep
Event: 154.565 Executing VM operation: ChangeSingleStep done
Event: 154.566 Executing VM operation: EnterInterpOnlyMode
Event: 154.566 Executing VM operation: EnterInterpOnlyMode done


Dynamic libraries:
0x00007ff76ecd0000 - 0x00007ff76ed07000 	C:\Program Files\Java\jre1.8.0_201\bin\javaw.exe
0x00007ff8ec7e0000 - 0x00007ff8ec9cd000 	C:\Windows\SYSTEM32\ntdll.dll
0x00007ff8e46c0000 - 0x00007ff8e46d5000 	C:\Program Files\AVAST Software\Avast\aswhook.dll
0x00007ff8e9ce0000 - 0x00007ff8e9d93000 	C:\Windows\System32\KERNEL32.DLL
0x00007ff8e9660000 - 0x00007ff8e98f3000 	C:\Windows\System32\KERNELBASE.dll
0x00007ff8ea220000 - 0x00007ff8ea2c3000 	C:\Windows\System32\ADVAPI32.dll
0x00007ff8e9c10000 - 0x00007ff8e9cae000 	C:\Windows\System32\msvcrt.dll
0x00007ff8e9b70000 - 0x00007ff8e9c0e000 	C:\Windows\System32\sechost.dll
0x00007ff8ea0f0000 - 0x00007ff8ea212000 	C:\Windows\System32\RPCRT4.dll
0x00007ff8ebf50000 - 0x00007ff8ec0e7000 	C:\Windows\System32\USER32.dll
0x00007ff8e9200000 - 0x00007ff8e9220000 	C:\Windows\System32\win32u.dll
0x00007ff8e9cb0000 - 0x00007ff8e9cd9000 	C:\Windows\System32\GDI32.dll
0x00007ff8e92d0000 - 0x00007ff8e9469000 	C:\Windows\System32\gdi32full.dll
0x00007ff8e9570000 - 0x00007ff8e9610000 	C:\Windows\System32\msvcp_win.dll
0x00007ff8e9900000 - 0x00007ff8e99fa000 	C:\Windows\System32\ucrtbase.dll
0x00007ff8d8d30000 - 0x00007ff8d8fa9000 	C:\Windows\WinSxS\amd64_microsoft.windows.common-controls_6595b64144ccf1df_6.0.17763.914_none_05b346b2072102f2\COMCTL32.dll
0x00007ff8eb970000 - 0x00007ff8ebc9c000 	C:\Windows\System32\combase.dll
0x00007ff8e9470000 - 0x00007ff8e94ee000 	C:\Windows\System32\bcryptPrimitives.dll
0x00007ff8ebca0000 - 0x00007ff8ebcce000 	C:\Windows\System32\IMM32.DLL
0x000000006a130000 - 0x000000006a201000 	C:\Program Files\Java\jre1.8.0_201\bin\msvcr100.dll
0x000000006a2b0000 - 0x000000006ab54000 	C:\Program Files\Java\jre1.8.0_201\bin\server\jvm.dll
0x00007ff8ec0f0000 - 0x00007ff8ec0f8000 	C:\Windows\System32\PSAPI.DLL
0x00007ff8d7520000 - 0x00007ff8d7529000 	C:\Windows\SYSTEM32\WSOCK32.dll
0x00007ff8ebee0000 - 0x00007ff8ebf4d000 	C:\Windows\System32\WS2_32.dll
0x00007ff8e6840000 - 0x00007ff8e6864000 	C:\Windows\SYSTEM32\WINMM.dll
0x00007ff8e0990000 - 0x00007ff8e099a000 	C:\Windows\SYSTEM32\VERSION.dll
0x00007ff8e6810000 - 0x00007ff8e683d000 	C:\Windows\SYSTEM32\WINMMBASE.dll
0x00007ff8e9610000 - 0x00007ff8e965a000 	C:\Windows\System32\cfgmgr32.dll
0x00007ff8e69d0000 - 0x00007ff8e69df000 	C:\Program Files\Java\jre1.8.0_201\bin\verify.dll
0x00007ff8d3240000 - 0x00007ff8d3269000 	C:\Program Files\Java\jre1.8.0_201\bin\java.dll
0x00007ff8c2400000 - 0x00007ff8c2435000 	C:\Program Files\Java\jre1.8.0_201\bin\jdwp.dll
0x00007ff8e0f70000 - 0x00007ff8e0f78000 	C:\Program Files\Java\jre1.8.0_201\bin\npt.dll
0x00007ff8d7fd0000 - 0x00007ff8d7ff3000 	C:\Program Files\Java\jre1.8.0_201\bin\instrument.dll
0x00007ff8d3220000 - 0x00007ff8d3236000 	C:\Program Files\Java\jre1.8.0_201\bin\zip.dll
0x00007ff8ea2d0000 - 0x00007ff8eb7c4000 	C:\Windows\System32\SHELL32.dll
0x00007ff8eb7d0000 - 0x00007ff8eb878000 	C:\Windows\System32\shcore.dll
0x00007ff8e8ab0000 - 0x00007ff8e91fd000 	C:\Windows\System32\windows.storage.dll
0x00007ff8e8850000 - 0x00007ff8e8874000 	C:\Windows\System32\profapi.dll
0x00007ff8e87f0000 - 0x00007ff8e884d000 	C:\Windows\System32\powrprof.dll
0x00007ff8e9da0000 - 0x00007ff8e9df2000 	C:\Windows\System32\shlwapi.dll
0x00007ff8e87d0000 - 0x00007ff8e87e1000 	C:\Windows\System32\kernel.appcore.dll
0x00007ff8e9550000 - 0x00007ff8e9567000 	C:\Windows\System32\cryptsp.dll
0x00007ff8dcae0000 - 0x00007ff8dcae9000 	C:\Program Files\Java\jre1.8.0_201\bin\dt_socket.dll
0x00007ff8ccbd0000 - 0x00007ff8ccbe6000 	C:\Windows\system32\napinsp.dll
0x00007ff8cc520000 - 0x00007ff8cc53a000 	C:\Windows\system32\pnrpnsp.dll
0x00007ff8e8040000 - 0x00007ff8e80a7000 	C:\Windows\System32\mswsock.dll
0x00007ff8e7da0000 - 0x00007ff8e7e66000 	C:\Windows\SYSTEM32\DNSAPI.dll
0x00007ff8ec630000 - 0x00007ff8ec638000 	C:\Windows\System32\NSI.dll
0x00007ff8e7d60000 - 0x00007ff8e7d9d000 	C:\Windows\SYSTEM32\IPHLPAPI.DLL
0x00007ff8ccbc0000 - 0x00007ff8ccbce000 	C:\Windows\System32\winrnr.dll
0x00007ff8e4f20000 - 0x00007ff8e4f3b000 	C:\Windows\system32\NLAapi.dll
0x00007ff8cae10000 - 0x00007ff8cae25000 	C:\Windows\system32\wshbth.dll
0x00007ff8dae60000 - 0x00007ff8daed9000 	C:\Windows\System32\fwpuclnt.dll
0x00007ff8e88a0000 - 0x00007ff8e88c6000 	C:\Windows\System32\bcrypt.dll
0x00007ff8d9860000 - 0x00007ff8d986a000 	C:\Windows\System32\rasadhlp.dll
0x00007ff8e3910000 - 0x00007ff8e392a000 	C:\Program Files\Java\jre1.8.0_201\bin\net.dll
0x00007ff8d8590000 - 0x00007ff8d8767000 	C:\Windows\SYSTEM32\urlmon.dll
0x00007ff8d9890000 - 0x00007ff8d9b38000 	C:\Windows\SYSTEM32\iertutil.dll
0x00007ff8e8210000 - 0x00007ff8e821c000 	C:\Windows\SYSTEM32\CRYPTBASE.DLL
0x00007ff8dcb20000 - 0x00007ff8dcb31000 	C:\Program Files\Java\jre1.8.0_201\bin\nio.dll
0x00007ff8bc100000 - 0x00007ff8bc164000 	C:\Users\lukas\AppData\Local\Temp\lwjgllukas\3.2.3-build-13\lwjgl.dll
0x00007ff8b3e90000 - 0x00007ff8b3ef2000 	C:\Users\lukas\AppData\Local\Temp\lwjgllukas\3.2.3-build-13\glfw.dll
0x00007ff8e6d80000 - 0x00007ff8e6e1c000 	C:\Windows\system32\uxtheme.dll
0x00007ff8bc410000 - 0x00007ff8bc454000 	C:\Windows\SYSTEM32\dinput8.dll
0x00007ff8d7be0000 - 0x00007ff8d7bf1000 	C:\Windows\SYSTEM32\xinput1_4.dll
0x00007ff8e85e0000 - 0x00007ff8e8609000 	C:\Windows\SYSTEM32\DEVOBJ.dll
0x00007ff8e6e50000 - 0x00007ff8e6e7e000 	C:\Windows\SYSTEM32\dwmapi.dll
0x00007ff8e88d0000 - 0x00007ff8e8aab000 	C:\Windows\System32\CRYPT32.dll
0x00007ff8e8880000 - 0x00007ff8e8892000 	C:\Windows\System32\MSASN1.dll
0x00007ff8db1a0000 - 0x00007ff8db26c000 	C:\Windows\SYSTEM32\inputhost.dll
0x00007ff8e6720000 - 0x00007ff8e6802000 	C:\Windows\SYSTEM32\CoreMessaging.dll
0x00007ff8e6f30000 - 0x00007ff8e713d000 	C:\Windows\SYSTEM32\twinapi.appcore.dll
0x00007ff8e3bb0000 - 0x00007ff8e3ed2000 	C:\Windows\SYSTEM32\CoreUIComponents.dll
0x00007ff8e5c00000 - 0x00007ff8e61be000 	C:\Windows\SYSTEM32\d2d1.dll
0x00007ff8e5980000 - 0x00007ff8e5bfe000 	C:\Windows\SYSTEM32\d3d11.dll
0x00007ff8e5190000 - 0x00007ff8e5339000 	C:\Windows\SYSTEM32\PROPSYS.dll
0x00007ff8ec640000 - 0x00007ff8ec704000 	C:\Windows\System32\OLEAUT32.dll
0x00007ff8e3a50000 - 0x00007ff8e3ba3000 	C:\Windows\SYSTEM32\wintypes.dll
0x00007ff8e7140000 - 0x00007ff8e7168000 	C:\Windows\SYSTEM32\RMCLIENT.dll
0x00007ff8e7820000 - 0x00007ff8e7851000 	C:\Windows\SYSTEM32\ntmarta.dll
0x00007ff8e75b0000 - 0x00007ff8e7672000 	C:\Windows\SYSTEM32\dxgi.dll
0x00007ff8e9a00000 - 0x00007ff8e9b6c000 	C:\Windows\System32\MSCTF.dll
0x00007ff8e7430000 - 0x00007ff8e743e000 	C:\Windows\SYSTEM32\HID.DLL
0x00007ff8ec100000 - 0x00007ff8ec576000 	C:\Windows\System32\SETUPAPI.DLL
0x00007ff8e94f0000 - 0x00007ff8e9549000 	C:\Windows\System32\WINTRUST.dll
0x00007ff8d9010000 - 0x00007ff8d9137000 	C:\Windows\SYSTEM32\opengl32.dll
0x00007ff8e1610000 - 0x00007ff8e163c000 	C:\Windows\SYSTEM32\GLU32.dll
0x00007ff8931c0000 - 0x00007ff8940c0000 	C:\Windows\System32\DriverStore\FileRepository\igdlh64.inf_amd64_b5d4c82c67b39358\ig9icd64.dll
0x00007ff8e5370000 - 0x00007ff8e5383000 	C:\Windows\SYSTEM32\WTSAPI32.dll
0x00007ff8ddc70000 - 0x00007ff8dfa10000 	C:\Windows\System32\DriverStore\FileRepository\igdlh64.inf_amd64_b5d4c82c67b39358\igc64.dll
0x00007ff8db270000 - 0x00007ff8db305000 	C:\Windows\System32\TextInputFramework.dll
0x00007ff8b9ca0000 - 0x00007ff8b9cf9000 	C:\Users\lukas\AppData\Local\Temp\lwjgllukas\3.2.3-build-13\lwjgl_opengl.dll
0x00007ff8dccd0000 - 0x00007ff8dcebd000 	C:\Windows\SYSTEM32\dbghelp.dll

VM Arguments:
jvm_args: -agentlib:jdwp=transport=dt_socket,suspend=y,address=localhost:62772 -javaagent:D:\Eclipse\java-2019-09\eclipse\configuration\org.eclipse.osgi\229\0\.cp\lib\javaagent-shaded.jar -Dfile.encoding=Cp1250 
java_command: pl.klakier.flappybird.Main
java_class_path (initial): D:\Eclipse-workspace\FlappyBird\bin;D:\Eclipse-workspace\FlappyBird\lib\lwjgl-3.2.3\lwjgl\lwjgl-natives-linux-arm32.jar;D:\Eclipse-workspace\FlappyBird\lib\lwjgl-3.2.3\lwjgl\lwjgl-natives-linux-arm64.jar;D:\Eclipse-workspace\FlappyBird\lib\lwjgl-3.2.3\lwjgl\lwjgl-natives-linux.jar;D:\Eclipse-workspace\FlappyBird\lib\lwjgl-3.2.3\lwjgl\lwjgl-natives-macos.jar;D:\Eclipse-workspace\FlappyBird\lib\lwjgl-3.2.3\lwjgl\lwjgl-natives-windows-x86.jar;D:\Eclipse-workspace\FlappyBird\lib\lwjgl-3.2.3\lwjgl\lwjgl-natives-windows.jar;D:\Eclipse-workspace\FlappyBird\lib\lwjgl-3.2.3\lwjgl-glfw\lwjgl-glfw-natives-linux-arm32.jar;D:\Eclipse-workspace\FlappyBird\lib\lwjgl-3.2.3\lwjgl-glfw\lwjgl-glfw-natives-linux-arm64.jar;D:\Eclipse-workspace\FlappyBird\lib\lwjgl-3.2.3\lwjgl-glfw\lwjgl-glfw-natives-linux.jar;D:\Eclipse-workspace\FlappyBird\lib\lwjgl-3.2.3\lwjgl-glfw\lwjgl-glfw-natives-macos.jar;D:\Eclipse-workspace\FlappyBird\lib\lwjgl-3.2.3\lwjgl-glfw\lwjgl-glfw-natives-windows-x86.jar;D:\Eclipse-workspace\FlappyBird\lib\lwjgl-3.2.3\lwjgl-glfw\lwjgl-glfw-natives-windows.jar;D:\Eclipse-workspace\FlappyBird\lib\lwjgl-3.2.3\lwjgl-glfw\lwjgl-glfw.jar;D:\Eclipse-workspace\FlappyBird\lib\lwjgl-3.2.3\lwjgl-opengl\lwjgl-opengl-natives-linux-arm32.jar;D:\Eclipse-workspace\FlappyBird\lib\lwjgl-3.2.3\lwjgl-opengl\lwjgl-opengl-natives-linux-arm64.jar;D:\Eclipse-workspace\FlappyBird\lib\lwjgl-3.2.3\lwjgl-opengl\lwjgl-opengl-natives-linux.jar;D:\Eclipse-workspace\FlappyBird\lib\lwjgl-3.2.3\lwjgl-opengl\lwjgl-opengl-natives-macos.jar;D:\Eclipse-workspace\FlappyBird\lib\lwjgl-3.2.3\lwjgl-opengl\lwjgl-opengl-natives-windows-x86.jar;D:\Eclipse-workspace\FlappyBird\lib\lwjgl-3.2.3\lwjgl-opengl\lwjgl-opengl-natives-windows.jar;D:\Eclipse-workspace\FlappyBird\lib\lwjgl-3.2.3\lwjgl-opengl\lwjgl-opengl.jar;D:\Eclipse-workspace\FlappyBird\lib\lwjgl-3.2.3\lwjgl\lwjgl.jar;D:\Eclipse\java-2019-09\eclipse\configuration\org.eclipse.osgi\229\0\.cp\lib\javaagent-shaded.jar
Launcher Type: SUN_STANDARD

Environment Variables:
JAVA_HOME=C:\Program Files\Java\jdk1.8.0_201
PATH=C:/Program Files/Java/jre1.8.0_201/bin/server;C:/Program Files/Java/jre1.8.0_201/bin;C:/Program Files/Java/jre1.8.0_201/lib/amd64;C:\Program Files (x86)\Common Files\Oracle\Java\javapath;C:\Windows\system32;C:\Windows;C:\Windows\System32\Wbem;C:\Windows\System32\WindowsPowerShell\v1.0\;C:\Windows\System32\OpenSSH\;C:\Program Files\dotnet\;C:\Program Files\Java\jdk1.8.0_201\bin;D:\XAMPP\php;C:\ProgramData\ComposerSetup\bin;D:\Git\cmd;D:\nodejs\;C:\Program Files (x86)\STMicroelectronics\STM32 ST-LINK Utility\ST-LINK Utility;C:\Users\lukas\AppData\Local\Microsoft\WindowsApps;C:\Users\lukas\AppData\Roaming\Composer\vendor\bin;D:\Microsoft VS Code\bin;D:\heroku\bin;C:\Users\lukas\AppData\Roaming\npm;C:\Users\lukas\Desktop;
USERNAME=lukas
OS=Windows_NT
PROCESSOR_IDENTIFIER=Intel64 Family 6 Model 158 Stepping 10, GenuineIntel



---------------  S Y S T E M  ---------------

OS: Windows 10.0 , 64 bit Build 17763 (10.0.17763.475)

CPU:total 12 (initial active 12) (6 cores per cpu, 2 threads per core) family 6 model 158 stepping 10, cmov, cx8, fxsr, mmx, sse, sse2, sse3, ssse3, sse4.1, sse4.2, popcnt, avx, avx2, aes, clmul, erms, 3dnowpref, lzcnt, ht, tsc, tscinvbit, bmi1, bmi2, adx

Memory: 4k page, physical 8227124k(2523248k free), swap 13470004k(3786876k free)

vm_info: Java HotSpot(TM) 64-Bit Server VM (25.201-b09) for windows-amd64 JRE (1.8.0_201-b09), built on Dec 15 2018 18:36:39 by "java_re" with MS VC++ 10.0 (VS2010)

time: Fri Apr 24 20:52:39 2020
timezone: Œrodkowoeuropejski czas letni
elapsed time: 154 seconds (0d 0h 2m 34s)

