#
# A fatal error has been detected by the Java Runtime Environment:
#
#  EXCEPTION_ACCESS_VIOLATION (0xc0000005) at pc=0x00007ff89349b760, pid=16012, tid=0x0000000000001cf8
#
# JRE version: Java(TM) SE Runtime Environment (8.0_201-b09) (build 1.8.0_201-b09)
# Java VM: Java HotSpot(TM) 64-Bit Server VM (25.201-b09 mixed mode windows-amd64 compressed oops)
# Problematic frame:
# C  [ig9icd64.dll+0x2db760]
#
# Failed to write core dump. Minidumps are not enabled by default on client versions of Windows
#
# If you would like to submit a bug report, please visit:
#   http://bugreport.java.com/bugreport/crash.jsp
# The crash happened outside the Java Virtual Machine in native code.
# See problematic frame for where to report the bug.
#

---------------  T H R E A D  ---------------

Current thread (0x0000000019193800):  JavaThread "Flappy" [_thread_in_native, id=7416, stack(0x000000001aae0000,0x000000001abe0000)]

siginfo: ExceptionCode=0xc0000005, reading address 0x0000000000000000

Registers:
RAX=0x00000000250c7610, RBX=0x0000000000000000, RCX=0x00000000250b2380, RDX=0x0000000000000010
RSP=0x000000001abdeea0, RBP=0x0000000000008b5c, RSI=0x000000001c4c6f80, RDI=0x00000000250a8c20
R8 =0xffffffffdaf4dc80, R9 =0x0000000000000000, R10=0x0000000000000010, R11=0x00000000250a5950
R12=0x0000000000000040, R13=0x000000001c4fbbb8, R14=0x00000000250a8c20, R15=0x00000000250a6fd0
RIP=0x00007ff89349b760, EFLAGS=0x0000000000010283

Top of Stack: (sp=0x000000001abdeea0)
0x000000001abdeea0:   0000000000000000 0000000000000000
0x000000001abdeeb0:   000000001abdef00 0000000000000000
0x000000001abdeec0:   0000000000000000 00007ff8da75e400
0x000000001abdeed0:   00008b5c19193800 00000000250a8c20
0x000000001abdeee0:   0000000000000040 0000000400000000
0x000000001abdeef0:   0000000000000001 00000000250a5950
0x000000001abdef00:   00000000250a8c20 000000001abdf070
0x000000001abdef10:   000000001abdf070 0000000017584478
0x000000001abdef20:   0000000000000000 0000000019193800
0x000000001abdef30:   00000000026a7da0 0000000000000000
0x000000001abdef40:   0000000017584478 00007ff8934987a1
0x000000001abdef50:   000000001abdf030 000000001c4c6f80
0x000000001abdef60:   0000000000000000 00007ff893590b72
0x000000001abdef70:   0000000000000001 0000000019193800
0x000000001abdef80:   0000000000000000 0000000000000000
0x000000001abdef90:   000000001abdf070 00000000026b8c67 

Instructions: (pc=0x00007ff89349b760)
0x00007ff89349b740:   43 0c 89 41 0c e9 a2 00 00 00 45 85 d2 0f 84 99
0x00007ff89349b750:   00 00 00 4c 8b c3 41 8b d2 4c 2b c1 0f 1f 40 00
0x00007ff89349b760:   41 8b 04 08 89 01 48 8d 49 04 48 83 ea 01 75 f0
0x00007ff89349b770:   eb 7a 81 fd 56 8b 00 00 75 34 8b 03 f7 d8 49 8b 


Register to memory mapping:

RAX=0x00000000250c7610 is an unknown value
RBX=0x0000000000000000 is an unknown value
RCX=0x00000000250b2380 is an unknown value
RDX=0x0000000000000010 is an unknown value
RSP=0x000000001abdeea0 is pointing into the stack for thread: 0x0000000019193800
RBP=0x0000000000008b5c is an unknown value
RSI=0x000000001c4c6f80 is an unknown value
RDI=0x00000000250a8c20 is an unknown value
R8 =0xffffffffdaf4dc80 is an unknown value
R9 =0x0000000000000000 is an unknown value
R10=0x0000000000000010 is an unknown value
R11=0x00000000250a5950 is an unknown value
R12=0x0000000000000040 is an unknown value
R13=0x000000001c4fbbb8 is an unknown value
R14=0x00000000250a8c20 is an unknown value
R15=0x00000000250a6fd0 is an unknown value


Stack: [0x000000001aae0000,0x000000001abe0000],  sp=0x000000001abdeea0,  free space=1019k
Native frames: (J=compiled Java code, j=interpreted, Vv=VM code, C=native code)
C  [ig9icd64.dll+0x2db760]
C  [ig9icd64.dll+0x2d87a1]
C  0x00000000026b8c67

Java frames: (J=compiled Java code, j=interpreted, Vv=VM code)
j  org.lwjgl.opengl.GL20C.nglUniformMatrix4fv(IIZJ)V+0
j  org.lwjgl.opengl.GL20C.glUniformMatrix4fv(IZLjava/nio/FloatBuffer;)V+12
j  org.lwjgl.opengl.GL20.glUniformMatrix4fv(IZLjava/nio/FloatBuffer;)V+3
j  pl.klakier.flappybird.graphics.Shader.setUniformMat4f(Ljava/lang/String;Lpl/klakier/flappybird/math/Matrix4f;)V+10
j  pl.klakier.flappybird.Main.init()V+240
j  pl.klakier.flappybird.Main.run()V+1
j  java.lang.Thread.run()V+11
v  ~StubRoutines::call_stub

---------------  P R O C E S S  ---------------

Java Threads: ( => current thread )
  0x00000000025a2800 JavaThread "DestroyJavaVM" [_thread_blocked, id=18056, stack(0x00000000024a0000,0x00000000025a0000)]
=>0x0000000019193800 JavaThread "Flappy" [_thread_in_native, id=7416, stack(0x000000001aae0000,0x000000001abe0000)]
  0x0000000018f12000 JavaThread "Service Thread" daemon [_thread_blocked, id=12140, stack(0x000000001a8e0000,0x000000001a9e0000)]
  0x0000000018e96000 JavaThread "C1 CompilerThread3" daemon [_thread_blocked, id=26516, stack(0x000000001a7e0000,0x000000001a8e0000)]
  0x0000000018e95800 JavaThread "C2 CompilerThread2" daemon [_thread_blocked, id=20032, stack(0x000000001a6e0000,0x000000001a7e0000)]
  0x0000000018e86000 JavaThread "C2 CompilerThread1" daemon [_thread_blocked, id=11364, stack(0x000000001a5e0000,0x000000001a6e0000)]
  0x0000000018e81000 JavaThread "C2 CompilerThread0" daemon [_thread_blocked, id=17876, stack(0x000000001a4e0000,0x000000001a5e0000)]
  0x0000000018e7c000 JavaThread "Attach Listener" daemon [_thread_blocked, id=12268, stack(0x000000001a3e0000,0x000000001a4e0000)]
  0x0000000018e7b800 JavaThread "Signal Dispatcher" daemon [_thread_blocked, id=25392, stack(0x000000001a2e0000,0x000000001a3e0000)]
  0x0000000018e73000 JavaThread "Finalizer" daemon [_thread_blocked, id=18468, stack(0x000000001a0d0000,0x000000001a1d0000)]
  0x000000001779c800 JavaThread "Reference Handler" daemon [_thread_blocked, id=13368, stack(0x0000000019fd0000,0x000000001a0d0000)]

Other Threads:
  0x0000000017796800 VMThread [stack: 0x0000000019ed0000,0x0000000019fd0000] [id=20020]
  0x0000000018f34800 WatcherThread [stack: 0x000000001a9e0000,0x000000001aae0000] [id=6944]

VM state:not at safepoint (normal execution)

VM Mutex/Monitor currently owned by a thread: None

heap address: 0x0000000082600000, size: 2010 MB, Compressed Oops mode: 32-bit
Narrow klass base: 0x0000000000000000, Narrow klass shift: 3
Compressed class space size: 1073741824 Address: 0x0000000100000000

Heap:
 PSYoungGen      total 37888K, used 16907K [0x00000000d6200000, 0x00000000d8c00000, 0x0000000100000000)
  eden space 32768K, 51% used [0x00000000d6200000,0x00000000d7282fc0,0x00000000d8200000)
  from space 5120K, 0% used [0x00000000d8700000,0x00000000d8700000,0x00000000d8c00000)
  to   space 5120K, 0% used [0x00000000d8200000,0x00000000d8200000,0x00000000d8700000)
 ParOldGen       total 86016K, used 0K [0x0000000082600000, 0x0000000087a00000, 0x00000000d6200000)
  object space 86016K, 0% used [0x0000000082600000,0x0000000082600000,0x0000000087a00000)
 Metaspace       used 8805K, capacity 9009K, committed 9088K, reserved 1056768K
  class space    used 741K, capacity 842K, committed 896K, reserved 1048576K

Card table byte_map: [0x0000000011a60000,0x0000000011e50000] byte_map_base: 0x000000001164d000

Marking Bits: (ParMarkBitMap*) 0x000000006aad4ce0
 Begin Bits: [0x0000000012af0000, 0x0000000014a58000)
 End Bits:   [0x0000000014a58000, 0x00000000169c0000)

Polling page: 0x0000000000b50000

CodeCache: size=245760Kb used=2702Kb max_used=2702Kb free=243058Kb
 bounds [0x00000000026a0000, 0x0000000002950000, 0x00000000116a0000]
 total_blobs=1464 nmethods=594 adapters=783
 compilation: enabled

Compilation events (10 events):
Event: 0.878 Thread 0x0000000018e96000  590       3       java.net.URL::toExternalForm (9 bytes)
Event: 0.878 Thread 0x0000000018e96000 nmethod 590 0x000000000293fc90 code [0x000000000293fe00, 0x0000000002940028]
Event: 0.878 Thread 0x0000000018e96000  591       3       java.util.WeakHashMap::put (162 bytes)
Event: 0.879 Thread 0x0000000018e96000 nmethod 591 0x00000000029400d0 code [0x0000000002940300, 0x0000000002941198]
Event: 0.879 Thread 0x0000000018e96000  592       3       java.io.File::<init> (113 bytes)
Event: 0.880 Thread 0x0000000018e96000 nmethod 592 0x0000000002941850 code [0x0000000002941ac0, 0x00000000029427e8]
Event: 0.881 Thread 0x0000000018e96000  593   !   3       java.lang.ClassLoader::getPackage (118 bytes)
Event: 0.881 Thread 0x0000000018e96000 nmethod 593 0x0000000002942e10 code [0x0000000002943020, 0x0000000002943d58]
Event: 0.896 Thread 0x0000000018e96000  594       3       java.util.Vector::elementData (7 bytes)
Event: 0.896 Thread 0x0000000018e96000 nmethod 594 0x00000000029444d0 code [0x0000000002944620, 0x0000000002944790]

GC Heap History (0 events):
No events

Deoptimization events (0 events):
No events

Classes redefined (0 events):
No events

Internal exceptions (10 events):
Event: 0.248 Thread 0x0000000019193800 Exception <a 'java/security/PrivilegedActionException'> (0x00000000d6823280) thrown at [C:\re\workspace\8-2-build-windows-amd64-cygwin\jdk8u201\12322\hotspot\src\share\vm\prims\jvm.cpp, line 1502]
Event: 0.248 Thread 0x0000000019193800 Exception <a 'java/security/PrivilegedActionException'> (0x00000000d6823490) thrown at [C:\re\workspace\8-2-build-windows-amd64-cygwin\jdk8u201\12322\hotspot\src\share\vm\prims\jvm.cpp, line 1502]
Event: 0.292 Thread 0x0000000019193800 Exception <a 'sun/nio/fs/WindowsException'> (0x00000000d6867e70) thrown at [C:\re\workspace\8-2-build-windows-amd64-cygwin\jdk8u201\12322\hotspot\src\share\vm\prims\jni.cpp, line 709]
Event: 0.293 Thread 0x0000000019193800 Exception <a 'sun/nio/fs/WindowsException'> (0x00000000d6868718) thrown at [C:\re\workspace\8-2-build-windows-amd64-cygwin\jdk8u201\12322\hotspot\src\share\vm\prims\jni.cpp, line 709]
Event: 0.336 Thread 0x0000000019193800 Exception <a 'sun/nio/fs/WindowsException'> (0x00000000d6975528) thrown at [C:\re\workspace\8-2-build-windows-amd64-cygwin\jdk8u201\12322\hotspot\src\share\vm\prims\jni.cpp, line 709]
Event: 0.336 Thread 0x0000000019193800 Exception <a 'sun/nio/fs/WindowsException'> (0x00000000d6975c08) thrown at [C:\re\workspace\8-2-build-windows-amd64-cygwin\jdk8u201\12322\hotspot\src\share\vm\prims\jni.cpp, line 709]
Event: 0.549 Thread 0x0000000019193800 Exception <a 'sun/nio/fs/WindowsException'> (0x00000000d6a274a0) thrown at [C:\re\workspace\8-2-build-windows-amd64-cygwin\jdk8u201\12322\hotspot\src\share\vm\prims\jni.cpp, line 709]
Event: 0.549 Thread 0x0000000019193800 Exception <a 'sun/nio/fs/WindowsException'> (0x00000000d6a27be0) thrown at [C:\re\workspace\8-2-build-windows-amd64-cygwin\jdk8u201\12322\hotspot\src\share\vm\prims\jni.cpp, line 709]
Event: 0.551 Thread 0x0000000019193800 Exception <a 'sun/nio/fs/WindowsException'> (0x00000000d6a31980) thrown at [C:\re\workspace\8-2-build-windows-amd64-cygwin\jdk8u201\12322\hotspot\src\share\vm\prims\jni.cpp, line 709]
Event: 0.551 Thread 0x0000000019193800 Exception <a 'sun/nio/fs/WindowsException'> (0x00000000d6a31f78) thrown at [C:\re\workspace\8-2-build-windows-amd64-cygwin\jdk8u201\12322\hotspot\src\share\vm\prims\jni.cpp, line 709]

Events (10 events):
Event: 0.883 loading class org/lwjgl/system/APIUtil$Encoder
Event: 0.883 loading class org/lwjgl/system/APIUtil$Encoder done
Event: 0.883 loading class org/lwjgl/system/APIUtil$Encoder
Event: 0.883 loading class org/lwjgl/system/APIUtil$Encoder done
Event: 0.895 loading class pl/klakier/flappybird/math/Matrix4f
Event: 0.895 loading class pl/klakier/flappybird/math/Matrix4f done
Event: 0.896 loading class pl/klakier/flappybird/utils/BufferUtils
Event: 0.896 loading class pl/klakier/flappybird/utils/BufferUtils done
Event: 0.896 loading class java/nio/ByteBufferAsFloatBufferL
Event: 0.896 loading class java/nio/ByteBufferAsFloatBufferL done


Dynamic libraries:
0x00007ff76ecd0000 - 0x00007ff76ed07000 	C:\Program Files\Java\jre1.8.0_201\bin\javaw.exe
0x00007ff8ec7e0000 - 0x00007ff8ec9cd000 	C:\Windows\SYSTEM32\ntdll.dll
0x00007ff8e46c0000 - 0x00007ff8e46d5000 	C:\Program Files\AVAST Software\Avast\aswhook.dll
0x00007ff8e9ce0000 - 0x00007ff8e9d93000 	C:\Windows\System32\KERNEL32.DLL
0x00007ff8e9660000 - 0x00007ff8e98f3000 	C:\Windows\System32\KERNELBASE.dll
0x00007ff8ea220000 - 0x00007ff8ea2c3000 	C:\Windows\System32\ADVAPI32.dll
0x00007ff8e9c10000 - 0x00007ff8e9cae000 	C:\Windows\System32\msvcrt.dll
0x00007ff8e9b70000 - 0x00007ff8e9c0e000 	C:\Windows\System32\sechost.dll
0x00007ff8ea0f0000 - 0x00007ff8ea212000 	C:\Windows\System32\RPCRT4.dll
0x00007ff8ebf50000 - 0x00007ff8ec0e7000 	C:\Windows\System32\USER32.dll
0x00007ff8e9200000 - 0x00007ff8e9220000 	C:\Windows\System32\win32u.dll
0x00007ff8e9cb0000 - 0x00007ff8e9cd9000 	C:\Windows\System32\GDI32.dll
0x00007ff8e92d0000 - 0x00007ff8e9469000 	C:\Windows\System32\gdi32full.dll
0x00007ff8e9570000 - 0x00007ff8e9610000 	C:\Windows\System32\msvcp_win.dll
0x00007ff8e9900000 - 0x00007ff8e99fa000 	C:\Windows\System32\ucrtbase.dll
0x00007ff8d8d30000 - 0x00007ff8d8fa9000 	C:\Windows\WinSxS\amd64_microsoft.windows.common-controls_6595b64144ccf1df_6.0.17763.914_none_05b346b2072102f2\COMCTL32.dll
0x00007ff8eb970000 - 0x00007ff8ebc9c000 	C:\Windows\System32\combase.dll
0x00007ff8e9470000 - 0x00007ff8e94ee000 	C:\Windows\System32\bcryptPrimitives.dll
0x00007ff8ebca0000 - 0x00007ff8ebcce000 	C:\Windows\System32\IMM32.DLL
0x000000006a130000 - 0x000000006a201000 	C:\Program Files\Java\jre1.8.0_201\bin\msvcr100.dll
0x000000006a2b0000 - 0x000000006ab54000 	C:\Program Files\Java\jre1.8.0_201\bin\server\jvm.dll
0x00007ff8ec0f0000 - 0x00007ff8ec0f8000 	C:\Windows\System32\PSAPI.DLL
0x00007ff8d7520000 - 0x00007ff8d7529000 	C:\Windows\SYSTEM32\WSOCK32.dll
0x00007ff8ebee0000 - 0x00007ff8ebf4d000 	C:\Windows\System32\WS2_32.dll
0x00007ff8e6840000 - 0x00007ff8e6864000 	C:\Windows\SYSTEM32\WINMM.dll
0x00007ff8e0990000 - 0x00007ff8e099a000 	C:\Windows\SYSTEM32\VERSION.dll
0x00007ff8e6810000 - 0x00007ff8e683d000 	C:\Windows\SYSTEM32\WINMMBASE.dll
0x00007ff8e9610000 - 0x00007ff8e965a000 	C:\Windows\System32\cfgmgr32.dll
0x00007ff8e69d0000 - 0x00007ff8e69df000 	C:\Program Files\Java\jre1.8.0_201\bin\verify.dll
0x00007ff8d3240000 - 0x00007ff8d3269000 	C:\Program Files\Java\jre1.8.0_201\bin\java.dll
0x00007ff8d3220000 - 0x00007ff8d3236000 	C:\Program Files\Java\jre1.8.0_201\bin\zip.dll
0x00007ff8ea2d0000 - 0x00007ff8eb7c4000 	C:\Windows\System32\SHELL32.dll
0x00007ff8eb7d0000 - 0x00007ff8eb878000 	C:\Windows\System32\shcore.dll
0x00007ff8e8ab0000 - 0x00007ff8e91fd000 	C:\Windows\System32\windows.storage.dll
0x00007ff8e8850000 - 0x00007ff8e8874000 	C:\Windows\System32\profapi.dll
0x00007ff8e87f0000 - 0x00007ff8e884d000 	C:\Windows\System32\powrprof.dll
0x00007ff8e9da0000 - 0x00007ff8e9df2000 	C:\Windows\System32\shlwapi.dll
0x00007ff8e87d0000 - 0x00007ff8e87e1000 	C:\Windows\System32\kernel.appcore.dll
0x00007ff8e9550000 - 0x00007ff8e9567000 	C:\Windows\System32\cryptsp.dll
0x00007ff8e3910000 - 0x00007ff8e392a000 	C:\Program Files\Java\jre1.8.0_201\bin\net.dll
0x00007ff8d8590000 - 0x00007ff8d8767000 	C:\Windows\SYSTEM32\urlmon.dll
0x00007ff8d9890000 - 0x00007ff8d9b38000 	C:\Windows\SYSTEM32\iertutil.dll
0x00007ff8e8210000 - 0x00007ff8e821c000 	C:\Windows\SYSTEM32\CRYPTBASE.DLL
0x00007ff8e8040000 - 0x00007ff8e80a7000 	C:\Windows\system32\mswsock.dll
0x00007ff8dcb20000 - 0x00007ff8dcb31000 	C:\Program Files\Java\jre1.8.0_201\bin\nio.dll
0x00007ff8da890000 - 0x00007ff8da8f4000 	C:\Users\lukas\AppData\Local\Temp\lwjgllukas\3.2.3-build-13\lwjgl.dll
0x00007ff8da820000 - 0x00007ff8da882000 	C:\Users\lukas\AppData\Local\Temp\lwjgllukas\3.2.3-build-13\glfw.dll
0x00007ff8e6d80000 - 0x00007ff8e6e1c000 	C:\Windows\system32\uxtheme.dll
0x00007ff8da7d0000 - 0x00007ff8da814000 	C:\Windows\SYSTEM32\dinput8.dll
0x00007ff8da7b0000 - 0x00007ff8da7c1000 	C:\Windows\SYSTEM32\xinput1_4.dll
0x00007ff8e85e0000 - 0x00007ff8e8609000 	C:\Windows\SYSTEM32\DEVOBJ.dll
0x00007ff8e6e50000 - 0x00007ff8e6e7e000 	C:\Windows\SYSTEM32\dwmapi.dll
0x00007ff8e88d0000 - 0x00007ff8e8aab000 	C:\Windows\System32\CRYPT32.dll
0x00007ff8e8880000 - 0x00007ff8e8892000 	C:\Windows\System32\MSASN1.dll
0x00007ff8db1a0000 - 0x00007ff8db26c000 	C:\Windows\SYSTEM32\inputhost.dll
0x00007ff8e6720000 - 0x00007ff8e6802000 	C:\Windows\SYSTEM32\CoreMessaging.dll
0x00007ff8e6f30000 - 0x00007ff8e713d000 	C:\Windows\SYSTEM32\twinapi.appcore.dll
0x00007ff8e3bb0000 - 0x00007ff8e3ed2000 	C:\Windows\SYSTEM32\CoreUIComponents.dll
0x00007ff8e5c00000 - 0x00007ff8e61be000 	C:\Windows\SYSTEM32\d2d1.dll
0x00007ff8e5980000 - 0x00007ff8e5bfe000 	C:\Windows\SYSTEM32\d3d11.dll
0x00007ff8e5190000 - 0x00007ff8e5339000 	C:\Windows\SYSTEM32\PROPSYS.dll
0x00007ff8ec640000 - 0x00007ff8ec704000 	C:\Windows\System32\OLEAUT32.dll
0x00007ff8e3a50000 - 0x00007ff8e3ba3000 	C:\Windows\SYSTEM32\wintypes.dll
0x00007ff8e7140000 - 0x00007ff8e7168000 	C:\Windows\SYSTEM32\RMCLIENT.dll
0x00007ff8e7820000 - 0x00007ff8e7851000 	C:\Windows\SYSTEM32\ntmarta.dll
0x00007ff8e75b0000 - 0x00007ff8e7672000 	C:\Windows\SYSTEM32\dxgi.dll
0x00007ff8e9a00000 - 0x00007ff8e9b6c000 	C:\Windows\System32\MSCTF.dll
0x00007ff8e7430000 - 0x00007ff8e743e000 	C:\Windows\SYSTEM32\HID.DLL
0x00007ff8ec100000 - 0x00007ff8ec576000 	C:\Windows\System32\SETUPAPI.DLL
0x00007ff8e88a0000 - 0x00007ff8e88c6000 	C:\Windows\System32\bcrypt.dll
0x00007ff8e94f0000 - 0x00007ff8e9549000 	C:\Windows\System32\WINTRUST.dll
0x00007ff8d9010000 - 0x00007ff8d9137000 	C:\Windows\SYSTEM32\opengl32.dll
0x00007ff8e1610000 - 0x00007ff8e163c000 	C:\Windows\SYSTEM32\GLU32.dll
0x00007ff8931c0000 - 0x00007ff8940c0000 	C:\Windows\System32\DriverStore\FileRepository\igdlh64.inf_amd64_b5d4c82c67b39358\ig9icd64.dll
0x00007ff8e5370000 - 0x00007ff8e5383000 	C:\Windows\SYSTEM32\WTSAPI32.dll
0x00007ff8ddc70000 - 0x00007ff8dfa10000 	C:\Windows\System32\DriverStore\FileRepository\igdlh64.inf_amd64_b5d4c82c67b39358\igc64.dll
0x00007ff8db270000 - 0x00007ff8db305000 	C:\Windows\System32\TextInputFramework.dll
0x00007ff8da750000 - 0x00007ff8da7a9000 	C:\Users\lukas\AppData\Local\Temp\lwjgllukas\3.2.3-build-13\lwjgl_opengl.dll
0x00007ff8dccd0000 - 0x00007ff8dcebd000 	C:\Windows\SYSTEM32\dbghelp.dll

VM Arguments:
jvm_args: -Dfile.encoding=Cp1250 
java_command: pl.klakier.flappybird.Main
java_class_path (initial): D:\Eclipse-workspace\FlappyBird\bin;D:\Eclipse-workspace\FlappyBird\lib\lwjgl-3.2.3\lwjgl\lwjgl-natives-linux-arm32.jar;D:\Eclipse-workspace\FlappyBird\lib\lwjgl-3.2.3\lwjgl\lwjgl-natives-linux-arm64.jar;D:\Eclipse-workspace\FlappyBird\lib\lwjgl-3.2.3\lwjgl\lwjgl-natives-linux.jar;D:\Eclipse-workspace\FlappyBird\lib\lwjgl-3.2.3\lwjgl\lwjgl-natives-macos.jar;D:\Eclipse-workspace\FlappyBird\lib\lwjgl-3.2.3\lwjgl\lwjgl-natives-windows-x86.jar;D:\Eclipse-workspace\FlappyBird\lib\lwjgl-3.2.3\lwjgl\lwjgl-natives-windows.jar;D:\Eclipse-workspace\FlappyBird\lib\lwjgl-3.2.3\lwjgl-glfw\lwjgl-glfw-natives-linux-arm32.jar;D:\Eclipse-workspace\FlappyBird\lib\lwjgl-3.2.3\lwjgl-glfw\lwjgl-glfw-natives-linux-arm64.jar;D:\Eclipse-workspace\FlappyBird\lib\lwjgl-3.2.3\lwjgl-glfw\lwjgl-glfw-natives-linux.jar;D:\Eclipse-workspace\FlappyBird\lib\lwjgl-3.2.3\lwjgl-glfw\lwjgl-glfw-natives-macos.jar;D:\Eclipse-workspace\FlappyBird\lib\lwjgl-3.2.3\lwjgl-glfw\lwjgl-glfw-natives-windows-x86.jar;D:\Eclipse-workspace\FlappyBird\lib\lwjgl-3.2.3\lwjgl-glfw\lwjgl-glfw-natives-windows.jar;D:\Eclipse-workspace\FlappyBird\lib\lwjgl-3.2.3\lwjgl-glfw\lwjgl-glfw.jar;D:\Eclipse-workspace\FlappyBird\lib\lwjgl-3.2.3\lwjgl-opengl\lwjgl-opengl-natives-linux-arm32.jar;D:\Eclipse-workspace\FlappyBird\lib\lwjgl-3.2.3\lwjgl-opengl\lwjgl-opengl-natives-linux-arm64.jar;D:\Eclipse-workspace\FlappyBird\lib\lwjgl-3.2.3\lwjgl-opengl\lwjgl-opengl-natives-linux.jar;D:\Eclipse-workspace\FlappyBird\lib\lwjgl-3.2.3\lwjgl-opengl\lwjgl-opengl-natives-macos.jar;D:\Eclipse-workspace\FlappyBird\lib\lwjgl-3.2.3\lwjgl-opengl\lwjgl-opengl-natives-windows-x86.jar;D:\Eclipse-workspace\FlappyBird\lib\lwjgl-3.2.3\lwjgl-opengl\lwjgl-opengl-natives-windows.jar;D:\Eclipse-workspace\FlappyBird\lib\lwjgl-3.2.3\lwjgl-opengl\lwjgl-opengl.jar;D:\Eclipse-workspace\FlappyBird\lib\lwjgl-3.2.3\lwjgl\lwjgl.jar
Launcher Type: SUN_STANDARD

Environment Variables:
JAVA_HOME=C:\Program Files\Java\jdk1.8.0_201
PATH=C:/Program Files/Java/jre1.8.0_201/bin/server;C:/Program Files/Java/jre1.8.0_201/bin;C:/Program Files/Java/jre1.8.0_201/lib/amd64;C:\Program Files (x86)\Common Files\Oracle\Java\javapath;C:\Windows\system32;C:\Windows;C:\Windows\System32\Wbem;C:\Windows\System32\WindowsPowerShell\v1.0\;C:\Windows\System32\OpenSSH\;C:\Program Files\dotnet\;C:\Program Files\Java\jdk1.8.0_201\bin;D:\XAMPP\php;C:\ProgramData\ComposerSetup\bin;D:\Git\cmd;D:\nodejs\;C:\Program Files (x86)\STMicroelectronics\STM32 ST-LINK Utility\ST-LINK Utility;C:\Users\lukas\AppData\Local\Microsoft\WindowsApps;C:\Users\lukas\AppData\Roaming\Composer\vendor\bin;D:\Microsoft VS Code\bin;D:\heroku\bin;C:\Users\lukas\AppData\Roaming\npm;C:\Users\lukas\Desktop;
USERNAME=lukas
OS=Windows_NT
PROCESSOR_IDENTIFIER=Intel64 Family 6 Model 158 Stepping 10, GenuineIntel



---------------  S Y S T E M  ---------------

OS: Windows 10.0 , 64 bit Build 17763 (10.0.17763.475)

CPU:total 12 (initial active 12) (6 cores per cpu, 2 threads per core) family 6 model 158 stepping 10, cmov, cx8, fxsr, mmx, sse, sse2, sse3, ssse3, sse4.1, sse4.2, popcnt, avx, avx2, aes, clmul, erms, 3dnowpref, lzcnt, ht, tsc, tscinvbit, bmi1, bmi2, adx

Memory: 4k page, physical 8227124k(2537956k free), swap 13470004k(3778204k free)

vm_info: Java HotSpot(TM) 64-Bit Server VM (25.201-b09) for windows-amd64 JRE (1.8.0_201-b09), built on Dec 15 2018 18:36:39 by "java_re" with MS VC++ 10.0 (VS2010)

time: Fri Apr 24 20:53:12 2020
timezone: Œrodkowoeuropejski czas letni
elapsed time: 0 seconds (0d 0h 0m 0s)

