#
# A fatal error has been detected by the Java Runtime Environment:
#
#  EXCEPTION_ACCESS_VIOLATION (0xc0000005) at pc=0x00007ff89349b760, pid=12724, tid=0x0000000000001e70
#
# JRE version: Java(TM) SE Runtime Environment (8.0_201-b09) (build 1.8.0_201-b09)
# Java VM: Java HotSpot(TM) 64-Bit Server VM (25.201-b09 mixed mode windows-amd64 compressed oops)
# Problematic frame:
# C  [ig9icd64.dll+0x2db760]
#
# Failed to write core dump. Minidumps are not enabled by default on client versions of Windows
#
# If you would like to submit a bug report, please visit:
#   http://bugreport.java.com/bugreport/crash.jsp
# The crash happened outside the Java Virtual Machine in native code.
# See problematic frame for where to report the bug.
#

---------------  T H R E A D  ---------------

Current thread (0x000000001986e000):  JavaThread "Flappy" [_thread_in_native, id=7792, stack(0x000000001b1d0000,0x000000001b2d0000)]

siginfo: ExceptionCode=0xc0000005, reading address 0x0000000000000000

Registers:
RAX=0x0000000025821750, RBX=0x0000000000000000, RCX=0x000000002580cca0, RDX=0x0000000000000010
RSP=0x000000001b2cf290, RBP=0x0000000000008b5c, RSI=0x000000001cc40080, RDI=0x000000001cd3e4f0
R8 =0xffffffffda7f3360, R9 =0x0000000000000000, R10=0x0000000000000010, R11=0x0000000025805230
R12=0x0000000000000040, R13=0x000000001cc74cb8, R14=0x000000001cd3e4f0, R15=0x00000000258095e0
RIP=0x00007ff89349b760, EFLAGS=0x0000000000010287

Top of Stack: (sp=0x000000001b2cf290)
0x000000001b2cf290:   0000000000000000 0000000000000000
0x000000001b2cf2a0:   000000001b2cf300 0000000000000000
0x000000001b2cf2b0:   0000000000000000 00007ff8bc48e400
0x000000001b2cf2c0:   00008b5c1986e000 000000001cd3e4f0
0x000000001b2cf2d0:   0000000000000040 0000000400000000
0x000000001b2cf2e0:   0000000000000001 0000000025805230
0x000000001b2cf2f0:   000000001cd3e4f0 000000001b2cf460
0x000000001b2cf300:   000000001b2cf460 0000000017c844c0
0x000000001b2cf310:   0000000000000000 000000001986e000
0x000000001b2cf320:   0000000002da7da0 0000000000000000
0x000000001b2cf330:   0000000017c844c0 00007ff8934987a1
0x000000001b2cf340:   000000001b2cf420 000000001cc40080
0x000000001b2cf350:   0000000000000000 00007ff893590b72
0x000000001b2cf360:   0000000000000001 000000001986e000
0x000000001b2cf370:   0000000000000000 0000000000000000
0x000000001b2cf380:   000000001b2cf460 0000000002db8c67 

Instructions: (pc=0x00007ff89349b760)
0x00007ff89349b740:   43 0c 89 41 0c e9 a2 00 00 00 45 85 d2 0f 84 99
0x00007ff89349b750:   00 00 00 4c 8b c3 41 8b d2 4c 2b c1 0f 1f 40 00
0x00007ff89349b760:   41 8b 04 08 89 01 48 8d 49 04 48 83 ea 01 75 f0
0x00007ff89349b770:   eb 7a 81 fd 56 8b 00 00 75 34 8b 03 f7 d8 49 8b 


Register to memory mapping:

RAX=0x0000000025821750 is an unknown value
RBX=0x0000000000000000 is an unknown value
RCX=0x000000002580cca0 is an unknown value
RDX=0x0000000000000010 is an unknown value
RSP=0x000000001b2cf290 is pointing into the stack for thread: 0x000000001986e000
RBP=0x0000000000008b5c is an unknown value
RSI=0x000000001cc40080 is an unknown value
RDI=0x000000001cd3e4f0 is an unknown value
R8 =0xffffffffda7f3360 is an unknown value
R9 =0x0000000000000000 is an unknown value
R10=0x0000000000000010 is an unknown value
R11=0x0000000025805230 is an unknown value
R12=0x0000000000000040 is an unknown value
R13=0x000000001cc74cb8 is an unknown value
R14=0x000000001cd3e4f0 is an unknown value
R15=0x00000000258095e0 is an unknown value


Stack: [0x000000001b1d0000,0x000000001b2d0000],  sp=0x000000001b2cf290,  free space=1020k
Native frames: (J=compiled Java code, j=interpreted, Vv=VM code, C=native code)
C  [ig9icd64.dll+0x2db760]
C  [ig9icd64.dll+0x2d87a1]
C  0x0000000002db8c67

Java frames: (J=compiled Java code, j=interpreted, Vv=VM code)
j  org.lwjgl.opengl.GL20C.nglUniformMatrix4fv(IIZJ)V+0
j  org.lwjgl.opengl.GL20C.glUniformMatrix4fv(IZLjava/nio/FloatBuffer;)V+12
j  org.lwjgl.opengl.GL20.glUniformMatrix4fv(IZLjava/nio/FloatBuffer;)V+3
j  pl.klakier.flappybird.graphics.Shader.setUniformMat4f(Ljava/lang/String;Lpl/klakier/flappybird/math/Matrix4f;)V+10
j  pl.klakier.flappybird.Main.init()V+240
j  pl.klakier.flappybird.Main.run()V+1
j  java.lang.Thread.run()V+11
v  ~StubRoutines::call_stub

---------------  P R O C E S S  ---------------

Java Threads: ( => current thread )
  0x0000000002ca2800 JavaThread "DestroyJavaVM" [_thread_blocked, id=26508, stack(0x0000000002ba0000,0x0000000002ca0000)]
=>0x000000001986e000 JavaThread "Flappy" [_thread_in_native, id=7792, stack(0x000000001b1d0000,0x000000001b2d0000)]
  0x0000000019601000 JavaThread "Service Thread" daemon [_thread_blocked, id=13332, stack(0x000000001afd0000,0x000000001b0d0000)]
  0x0000000019586800 JavaThread "C1 CompilerThread3" daemon [_thread_blocked, id=24772, stack(0x000000001aed0000,0x000000001afd0000)]
  0x0000000019585800 JavaThread "C2 CompilerThread2" daemon [_thread_blocked, id=26028, stack(0x000000001add0000,0x000000001aed0000)]
  0x0000000019578000 JavaThread "C2 CompilerThread1" daemon [_thread_blocked, id=752, stack(0x000000001acd0000,0x000000001add0000)]
  0x0000000019573000 JavaThread "C2 CompilerThread0" daemon [_thread_blocked, id=12376, stack(0x000000001abd0000,0x000000001acd0000)]
  0x000000001956c800 JavaThread "Attach Listener" daemon [_thread_blocked, id=14684, stack(0x000000001aad0000,0x000000001abd0000)]
  0x000000001956b000 JavaThread "Signal Dispatcher" daemon [_thread_blocked, id=17960, stack(0x000000001a9d0000,0x000000001aad0000)]
  0x0000000017ea3800 JavaThread "Finalizer" daemon [_thread_blocked, id=11068, stack(0x000000001a7c0000,0x000000001a8c0000)]
  0x0000000017e9c800 JavaThread "Reference Handler" daemon [_thread_blocked, id=14444, stack(0x000000001a6c0000,0x000000001a7c0000)]

Other Threads:
  0x0000000017e96800 VMThread [stack: 0x000000001a5c0000,0x000000001a6c0000] [id=24768]
  0x000000001962c000 WatcherThread [stack: 0x000000001b0d0000,0x000000001b1d0000] [id=24532]

VM state:not at safepoint (normal execution)

VM Mutex/Monitor currently owned by a thread: None

heap address: 0x0000000082600000, size: 2010 MB, Compressed Oops mode: 32-bit
Narrow klass base: 0x0000000000000000, Narrow klass shift: 3
Compressed class space size: 1073741824 Address: 0x0000000100000000

Heap:
 PSYoungGen      total 37888K, used 16909K [0x00000000d6200000, 0x00000000d8c00000, 0x0000000100000000)
  eden space 32768K, 51% used [0x00000000d6200000,0x00000000d7283518,0x00000000d8200000)
  from space 5120K, 0% used [0x00000000d8700000,0x00000000d8700000,0x00000000d8c00000)
  to   space 5120K, 0% used [0x00000000d8200000,0x00000000d8200000,0x00000000d8700000)
 ParOldGen       total 86016K, used 0K [0x0000000082600000, 0x0000000087a00000, 0x00000000d6200000)
  object space 86016K, 0% used [0x0000000082600000,0x0000000082600000,0x0000000087a00000)
 Metaspace       used 8806K, capacity 9009K, committed 9088K, reserved 1056768K
  class space    used 741K, capacity 842K, committed 896K, reserved 1048576K

Card table byte_map: [0x0000000012160000,0x0000000012550000] byte_map_base: 0x0000000011d4d000

Marking Bits: (ParMarkBitMap*) 0x000000006aad4ce0
 Begin Bits: [0x00000000131f0000, 0x0000000015158000)
 End Bits:   [0x0000000015158000, 0x00000000170c0000)

Polling page: 0x00000000010f0000

CodeCache: size=245760Kb used=2680Kb max_used=2680Kb free=243079Kb
 bounds [0x0000000002da0000, 0x0000000003040000, 0x0000000011da0000]
 total_blobs=1454 nmethods=584 adapters=783
 compilation: enabled

Compilation events (10 events):
Event: 0.865 Thread 0x0000000019586800  580       3       java.net.URL::toExternalForm (9 bytes)
Event: 0.865 Thread 0x0000000019586800 nmethod 580 0x000000000303a7d0 code [0x000000000303a940, 0x000000000303ab68]
Event: 0.866 Thread 0x0000000019586800  581       3       java.util.WeakHashMap::put (162 bytes)
Event: 0.867 Thread 0x0000000019586800 nmethod 581 0x000000000303ac10 code [0x000000000303ae40, 0x000000000303bcd8]
Event: 0.867 Thread 0x0000000019586800  582       3       java.io.File::<init> (113 bytes)
Event: 0.868 Thread 0x0000000019586800 nmethod 582 0x000000000303c390 code [0x000000000303c600, 0x000000000303d328]
Event: 0.868 Thread 0x0000000019586800  583   !   3       java.lang.ClassLoader::getPackage (118 bytes)
Event: 0.869 Thread 0x0000000019586800 nmethod 583 0x000000000303d950 code [0x000000000303db60, 0x000000000303e898]
Event: 0.882 Thread 0x0000000019586800  584       3       java.util.Vector::elementData (7 bytes)
Event: 0.883 Thread 0x0000000019586800 nmethod 584 0x000000000303ee10 code [0x000000000303ef60, 0x000000000303f0d0]

GC Heap History (0 events):
No events

Deoptimization events (0 events):
No events

Classes redefined (0 events):
No events

Internal exceptions (10 events):
Event: 0.250 Thread 0x000000001986e000 Exception <a 'java/security/PrivilegedActionException'> (0x00000000d6823198) thrown at [C:\re\workspace\8-2-build-windows-amd64-cygwin\jdk8u201\12322\hotspot\src\share\vm\prims\jvm.cpp, line 1502]
Event: 0.250 Thread 0x000000001986e000 Exception <a 'java/security/PrivilegedActionException'> (0x00000000d68233a8) thrown at [C:\re\workspace\8-2-build-windows-amd64-cygwin\jdk8u201\12322\hotspot\src\share\vm\prims\jvm.cpp, line 1502]
Event: 0.294 Thread 0x000000001986e000 Exception <a 'sun/nio/fs/WindowsException'> (0x00000000d6867d88) thrown at [C:\re\workspace\8-2-build-windows-amd64-cygwin\jdk8u201\12322\hotspot\src\share\vm\prims\jni.cpp, line 709]
Event: 0.295 Thread 0x000000001986e000 Exception <a 'sun/nio/fs/WindowsException'> (0x00000000d6868630) thrown at [C:\re\workspace\8-2-build-windows-amd64-cygwin\jdk8u201\12322\hotspot\src\share\vm\prims\jni.cpp, line 709]
Event: 0.338 Thread 0x000000001986e000 Exception <a 'sun/nio/fs/WindowsException'> (0x00000000d6974ad0) thrown at [C:\re\workspace\8-2-build-windows-amd64-cygwin\jdk8u201\12322\hotspot\src\share\vm\prims\jni.cpp, line 709]
Event: 0.338 Thread 0x000000001986e000 Exception <a 'sun/nio/fs/WindowsException'> (0x00000000d69751b0) thrown at [C:\re\workspace\8-2-build-windows-amd64-cygwin\jdk8u201\12322\hotspot\src\share\vm\prims\jni.cpp, line 709]
Event: 0.544 Thread 0x000000001986e000 Exception <a 'sun/nio/fs/WindowsException'> (0x00000000d6a269f8) thrown at [C:\re\workspace\8-2-build-windows-amd64-cygwin\jdk8u201\12322\hotspot\src\share\vm\prims\jni.cpp, line 709]
Event: 0.545 Thread 0x000000001986e000 Exception <a 'sun/nio/fs/WindowsException'> (0x00000000d6a27138) thrown at [C:\re\workspace\8-2-build-windows-amd64-cygwin\jdk8u201\12322\hotspot\src\share\vm\prims\jni.cpp, line 709]
Event: 0.547 Thread 0x000000001986e000 Exception <a 'sun/nio/fs/WindowsException'> (0x00000000d6a30ed8) thrown at [C:\re\workspace\8-2-build-windows-amd64-cygwin\jdk8u201\12322\hotspot\src\share\vm\prims\jni.cpp, line 709]
Event: 0.547 Thread 0x000000001986e000 Exception <a 'sun/nio/fs/WindowsException'> (0x00000000d6a314d0) thrown at [C:\re\workspace\8-2-build-windows-amd64-cygwin\jdk8u201\12322\hotspot\src\share\vm\prims\jni.cpp, line 709]

Events (10 events):
Event: 0.870 loading class org/lwjgl/system/APIUtil$Encoder
Event: 0.871 loading class org/lwjgl/system/APIUtil$Encoder done
Event: 0.871 loading class org/lwjgl/system/APIUtil$Encoder
Event: 0.871 loading class org/lwjgl/system/APIUtil$Encoder done
Event: 0.882 loading class pl/klakier/flappybird/math/Matrix4f
Event: 0.882 loading class pl/klakier/flappybird/math/Matrix4f done
Event: 0.883 loading class pl/klakier/flappybird/utils/BufferUtils
Event: 0.883 loading class pl/klakier/flappybird/utils/BufferUtils done
Event: 0.883 loading class java/nio/ByteBufferAsFloatBufferL
Event: 0.883 loading class java/nio/ByteBufferAsFloatBufferL done


Dynamic libraries:
0x00007ff76ecd0000 - 0x00007ff76ed07000 	C:\Program Files\Java\jre1.8.0_201\bin\javaw.exe
0x00007ff8ec7e0000 - 0x00007ff8ec9cd000 	C:\Windows\SYSTEM32\ntdll.dll
0x00007ff8e46c0000 - 0x00007ff8e46d5000 	C:\Program Files\AVAST Software\Avast\aswhook.dll
0x00007ff8e9ce0000 - 0x00007ff8e9d93000 	C:\Windows\System32\KERNEL32.DLL
0x00007ff8e9660000 - 0x00007ff8e98f3000 	C:\Windows\System32\KERNELBASE.dll
0x00007ff8ea220000 - 0x00007ff8ea2c3000 	C:\Windows\System32\ADVAPI32.dll
0x00007ff8e9c10000 - 0x00007ff8e9cae000 	C:\Windows\System32\msvcrt.dll
0x00007ff8e9b70000 - 0x00007ff8e9c0e000 	C:\Windows\System32\sechost.dll
0x00007ff8ea0f0000 - 0x00007ff8ea212000 	C:\Windows\System32\RPCRT4.dll
0x00007ff8ebf50000 - 0x00007ff8ec0e7000 	C:\Windows\System32\USER32.dll
0x00007ff8e9200000 - 0x00007ff8e9220000 	C:\Windows\System32\win32u.dll
0x00007ff8e9cb0000 - 0x00007ff8e9cd9000 	C:\Windows\System32\GDI32.dll
0x00007ff8e92d0000 - 0x00007ff8e9469000 	C:\Windows\System32\gdi32full.dll
0x00007ff8e9570000 - 0x00007ff8e9610000 	C:\Windows\System32\msvcp_win.dll
0x00007ff8e9900000 - 0x00007ff8e99fa000 	C:\Windows\System32\ucrtbase.dll
0x00007ff8d8d30000 - 0x00007ff8d8fa9000 	C:\Windows\WinSxS\amd64_microsoft.windows.common-controls_6595b64144ccf1df_6.0.17763.914_none_05b346b2072102f2\COMCTL32.dll
0x00007ff8eb970000 - 0x00007ff8ebc9c000 	C:\Windows\System32\combase.dll
0x00007ff8e9470000 - 0x00007ff8e94ee000 	C:\Windows\System32\bcryptPrimitives.dll
0x00007ff8ebca0000 - 0x00007ff8ebcce000 	C:\Windows\System32\IMM32.DLL
0x000000006a130000 - 0x000000006a201000 	C:\Program Files\Java\jre1.8.0_201\bin\msvcr100.dll
0x000000006a2b0000 - 0x000000006ab54000 	C:\Program Files\Java\jre1.8.0_201\bin\server\jvm.dll
0x00007ff8ec0f0000 - 0x00007ff8ec0f8000 	C:\Windows\System32\PSAPI.DLL
0x00007ff8d7520000 - 0x00007ff8d7529000 	C:\Windows\SYSTEM32\WSOCK32.dll
0x00007ff8ebee0000 - 0x00007ff8ebf4d000 	C:\Windows\System32\WS2_32.dll
0x00007ff8e6840000 - 0x00007ff8e6864000 	C:\Windows\SYSTEM32\WINMM.dll
0x00007ff8e0990000 - 0x00007ff8e099a000 	C:\Windows\SYSTEM32\VERSION.dll
0x00007ff8e6810000 - 0x00007ff8e683d000 	C:\Windows\SYSTEM32\WINMMBASE.dll
0x00007ff8e9610000 - 0x00007ff8e965a000 	C:\Windows\System32\cfgmgr32.dll
0x00007ff8e69d0000 - 0x00007ff8e69df000 	C:\Program Files\Java\jre1.8.0_201\bin\verify.dll
0x00007ff8d3240000 - 0x00007ff8d3269000 	C:\Program Files\Java\jre1.8.0_201\bin\java.dll
0x00007ff8d3220000 - 0x00007ff8d3236000 	C:\Program Files\Java\jre1.8.0_201\bin\zip.dll
0x00007ff8ea2d0000 - 0x00007ff8eb7c4000 	C:\Windows\System32\SHELL32.dll
0x00007ff8eb7d0000 - 0x00007ff8eb878000 	C:\Windows\System32\shcore.dll
0x00007ff8e8ab0000 - 0x00007ff8e91fd000 	C:\Windows\System32\windows.storage.dll
0x00007ff8e8850000 - 0x00007ff8e8874000 	C:\Windows\System32\profapi.dll
0x00007ff8e87f0000 - 0x00007ff8e884d000 	C:\Windows\System32\powrprof.dll
0x00007ff8e9da0000 - 0x00007ff8e9df2000 	C:\Windows\System32\shlwapi.dll
0x00007ff8e87d0000 - 0x00007ff8e87e1000 	C:\Windows\System32\kernel.appcore.dll
0x00007ff8e9550000 - 0x00007ff8e9567000 	C:\Windows\System32\cryptsp.dll
0x00007ff8e3910000 - 0x00007ff8e392a000 	C:\Program Files\Java\jre1.8.0_201\bin\net.dll
0x00007ff8d8590000 - 0x00007ff8d8767000 	C:\Windows\SYSTEM32\urlmon.dll
0x00007ff8d9890000 - 0x00007ff8d9b38000 	C:\Windows\SYSTEM32\iertutil.dll
0x00007ff8e8210000 - 0x00007ff8e821c000 	C:\Windows\SYSTEM32\CRYPTBASE.DLL
0x00007ff8e8040000 - 0x00007ff8e80a7000 	C:\Windows\system32\mswsock.dll
0x00007ff8dcb20000 - 0x00007ff8dcb31000 	C:\Program Files\Java\jre1.8.0_201\bin\nio.dll
0x00007ff8c1e10000 - 0x00007ff8c1e74000 	C:\Users\lukas\AppData\Local\Temp\lwjgllukas\3.2.3-build-13\lwjgl.dll
0x00007ff8c10f0000 - 0x00007ff8c1152000 	C:\Users\lukas\AppData\Local\Temp\lwjgllukas\3.2.3-build-13\glfw.dll
0x00007ff8e6d80000 - 0x00007ff8e6e1c000 	C:\Windows\system32\uxtheme.dll
0x00007ff8c1dc0000 - 0x00007ff8c1e04000 	C:\Windows\SYSTEM32\dinput8.dll
0x00007ff8e3950000 - 0x00007ff8e3961000 	C:\Windows\SYSTEM32\xinput1_4.dll
0x00007ff8e85e0000 - 0x00007ff8e8609000 	C:\Windows\SYSTEM32\DEVOBJ.dll
0x00007ff8e6e50000 - 0x00007ff8e6e7e000 	C:\Windows\SYSTEM32\dwmapi.dll
0x00007ff8e88d0000 - 0x00007ff8e8aab000 	C:\Windows\System32\CRYPT32.dll
0x00007ff8e8880000 - 0x00007ff8e8892000 	C:\Windows\System32\MSASN1.dll
0x00007ff8db1a0000 - 0x00007ff8db26c000 	C:\Windows\SYSTEM32\inputhost.dll
0x00007ff8e6720000 - 0x00007ff8e6802000 	C:\Windows\SYSTEM32\CoreMessaging.dll
0x00007ff8e6f30000 - 0x00007ff8e713d000 	C:\Windows\SYSTEM32\twinapi.appcore.dll
0x00007ff8e3bb0000 - 0x00007ff8e3ed2000 	C:\Windows\SYSTEM32\CoreUIComponents.dll
0x00007ff8e5c00000 - 0x00007ff8e61be000 	C:\Windows\SYSTEM32\d2d1.dll
0x00007ff8e5980000 - 0x00007ff8e5bfe000 	C:\Windows\SYSTEM32\d3d11.dll
0x00007ff8e5190000 - 0x00007ff8e5339000 	C:\Windows\SYSTEM32\PROPSYS.dll
0x00007ff8ec640000 - 0x00007ff8ec704000 	C:\Windows\System32\OLEAUT32.dll
0x00007ff8e3a50000 - 0x00007ff8e3ba3000 	C:\Windows\SYSTEM32\wintypes.dll
0x00007ff8e7140000 - 0x00007ff8e7168000 	C:\Windows\SYSTEM32\RMCLIENT.dll
0x00007ff8e7820000 - 0x00007ff8e7851000 	C:\Windows\SYSTEM32\ntmarta.dll
0x00007ff8e75b0000 - 0x00007ff8e7672000 	C:\Windows\SYSTEM32\dxgi.dll
0x00007ff8e9a00000 - 0x00007ff8e9b6c000 	C:\Windows\System32\MSCTF.dll
0x00007ff8e7430000 - 0x00007ff8e743e000 	C:\Windows\SYSTEM32\HID.DLL
0x00007ff8ec100000 - 0x00007ff8ec576000 	C:\Windows\System32\SETUPAPI.DLL
0x00007ff8e88a0000 - 0x00007ff8e88c6000 	C:\Windows\System32\bcrypt.dll
0x00007ff8e94f0000 - 0x00007ff8e9549000 	C:\Windows\System32\WINTRUST.dll
0x00007ff8d9010000 - 0x00007ff8d9137000 	C:\Windows\SYSTEM32\opengl32.dll
0x00007ff8e1610000 - 0x00007ff8e163c000 	C:\Windows\SYSTEM32\GLU32.dll
0x00007ff8931c0000 - 0x00007ff8940c0000 	C:\Windows\System32\DriverStore\FileRepository\igdlh64.inf_amd64_b5d4c82c67b39358\ig9icd64.dll
0x00007ff8e5370000 - 0x00007ff8e5383000 	C:\Windows\SYSTEM32\WTSAPI32.dll
0x00007ff8ddc70000 - 0x00007ff8dfa10000 	C:\Windows\System32\DriverStore\FileRepository\igdlh64.inf_amd64_b5d4c82c67b39358\igc64.dll
0x00007ff8db270000 - 0x00007ff8db305000 	C:\Windows\System32\TextInputFramework.dll
0x00007ff8bc480000 - 0x00007ff8bc4d9000 	C:\Users\lukas\AppData\Local\Temp\lwjgllukas\3.2.3-build-13\lwjgl_opengl.dll
0x00007ff8dccd0000 - 0x00007ff8dcebd000 	C:\Windows\SYSTEM32\dbghelp.dll

VM Arguments:
jvm_args: -Dfile.encoding=Cp1250 
java_command: pl.klakier.flappybird.Main
java_class_path (initial): D:\Eclipse-workspace\FlappyBird\bin;D:\Eclipse-workspace\FlappyBird\lib\lwjgl-3.2.3\lwjgl\lwjgl-natives-linux-arm32.jar;D:\Eclipse-workspace\FlappyBird\lib\lwjgl-3.2.3\lwjgl\lwjgl-natives-linux-arm64.jar;D:\Eclipse-workspace\FlappyBird\lib\lwjgl-3.2.3\lwjgl\lwjgl-natives-linux.jar;D:\Eclipse-workspace\FlappyBird\lib\lwjgl-3.2.3\lwjgl\lwjgl-natives-macos.jar;D:\Eclipse-workspace\FlappyBird\lib\lwjgl-3.2.3\lwjgl\lwjgl-natives-windows-x86.jar;D:\Eclipse-workspace\FlappyBird\lib\lwjgl-3.2.3\lwjgl\lwjgl-natives-windows.jar;D:\Eclipse-workspace\FlappyBird\lib\lwjgl-3.2.3\lwjgl-glfw\lwjgl-glfw-natives-linux-arm32.jar;D:\Eclipse-workspace\FlappyBird\lib\lwjgl-3.2.3\lwjgl-glfw\lwjgl-glfw-natives-linux-arm64.jar;D:\Eclipse-workspace\FlappyBird\lib\lwjgl-3.2.3\lwjgl-glfw\lwjgl-glfw-natives-linux.jar;D:\Eclipse-workspace\FlappyBird\lib\lwjgl-3.2.3\lwjgl-glfw\lwjgl-glfw-natives-macos.jar;D:\Eclipse-workspace\FlappyBird\lib\lwjgl-3.2.3\lwjgl-glfw\lwjgl-glfw-natives-windows-x86.jar;D:\Eclipse-workspace\FlappyBird\lib\lwjgl-3.2.3\lwjgl-glfw\lwjgl-glfw-natives-windows.jar;D:\Eclipse-workspace\FlappyBird\lib\lwjgl-3.2.3\lwjgl-glfw\lwjgl-glfw.jar;D:\Eclipse-workspace\FlappyBird\lib\lwjgl-3.2.3\lwjgl-opengl\lwjgl-opengl-natives-linux-arm32.jar;D:\Eclipse-workspace\FlappyBird\lib\lwjgl-3.2.3\lwjgl-opengl\lwjgl-opengl-natives-linux-arm64.jar;D:\Eclipse-workspace\FlappyBird\lib\lwjgl-3.2.3\lwjgl-opengl\lwjgl-opengl-natives-linux.jar;D:\Eclipse-workspace\FlappyBird\lib\lwjgl-3.2.3\lwjgl-opengl\lwjgl-opengl-natives-macos.jar;D:\Eclipse-workspace\FlappyBird\lib\lwjgl-3.2.3\lwjgl-opengl\lwjgl-opengl-natives-windows-x86.jar;D:\Eclipse-workspace\FlappyBird\lib\lwjgl-3.2.3\lwjgl-opengl\lwjgl-opengl-natives-windows.jar;D:\Eclipse-workspace\FlappyBird\lib\lwjgl-3.2.3\lwjgl-opengl\lwjgl-opengl.jar;D:\Eclipse-workspace\FlappyBird\lib\lwjgl-3.2.3\lwjgl\lwjgl.jar
Launcher Type: SUN_STANDARD

Environment Variables:
JAVA_HOME=C:\Program Files\Java\jdk1.8.0_201
PATH=C:/Program Files/Java/jre1.8.0_201/bin/server;C:/Program Files/Java/jre1.8.0_201/bin;C:/Program Files/Java/jre1.8.0_201/lib/amd64;C:\Program Files (x86)\Common Files\Oracle\Java\javapath;C:\Windows\system32;C:\Windows;C:\Windows\System32\Wbem;C:\Windows\System32\WindowsPowerShell\v1.0\;C:\Windows\System32\OpenSSH\;C:\Program Files\dotnet\;C:\Program Files\Java\jdk1.8.0_201\bin;D:\XAMPP\php;C:\ProgramData\ComposerSetup\bin;D:\Git\cmd;D:\nodejs\;C:\Program Files (x86)\STMicroelectronics\STM32 ST-LINK Utility\ST-LINK Utility;C:\Users\lukas\AppData\Local\Microsoft\WindowsApps;C:\Users\lukas\AppData\Roaming\Composer\vendor\bin;D:\Microsoft VS Code\bin;D:\heroku\bin;C:\Users\lukas\AppData\Roaming\npm;C:\Users\lukas\Desktop;
USERNAME=lukas
OS=Windows_NT
PROCESSOR_IDENTIFIER=Intel64 Family 6 Model 158 Stepping 10, GenuineIntel



---------------  S Y S T E M  ---------------

OS: Windows 10.0 , 64 bit Build 17763 (10.0.17763.475)

CPU:total 12 (initial active 12) (6 cores per cpu, 2 threads per core) family 6 model 158 stepping 10, cmov, cx8, fxsr, mmx, sse, sse2, sse3, ssse3, sse4.1, sse4.2, popcnt, avx, avx2, aes, clmul, erms, 3dnowpref, lzcnt, ht, tsc, tscinvbit, bmi1, bmi2, adx

Memory: 4k page, physical 8227124k(2770976k free), swap 13470004k(3983404k free)

vm_info: Java HotSpot(TM) 64-Bit Server VM (25.201-b09) for windows-amd64 JRE (1.8.0_201-b09), built on Dec 15 2018 18:36:39 by "java_re" with MS VC++ 10.0 (VS2010)

time: Fri Apr 24 20:45:23 2020
timezone: Œrodkowoeuropejski czas letni
elapsed time: 0 seconds (0d 0h 0m 0s)

