#
# A fatal error has been detected by the Java Runtime Environment:
#
#  EXCEPTION_INT_DIVIDE_BY_ZERO (0xc0000094) at pc=0x00007ff893685559, pid=17304, tid=0x00000000000047ec
#
# JRE version: Java(TM) SE Runtime Environment (8.0_201-b09) (build 1.8.0_201-b09)
# Java VM: Java HotSpot(TM) 64-Bit Server VM (25.201-b09 mixed mode windows-amd64 compressed oops)
# Problematic frame:
# C  [ig9icd64.dll+0x4c5559]
#
# Failed to write core dump. Minidumps are not enabled by default on client versions of Windows
#
# If you would like to submit a bug report, please visit:
#   http://bugreport.java.com/bugreport/crash.jsp
# The crash happened outside the Java Virtual Machine in native code.
# See problematic frame for where to report the bug.
#

---------------  T H R E A D  ---------------

Current thread (0x000000001925f000):  JavaThread "Flappy" [_thread_in_native, id=18412, stack(0x000000001abd0000,0x000000001acd0000)]

siginfo: ExceptionCode=0xc0000094

Registers:
RAX=0x0000000000000000, RBX=0x000000001c667f80, RCX=0x0000000000000000, RDX=0x0000000000000000
RSP=0x000000001acccb80, RBP=0x000000001acccc80, RSI=0x0000000000000000, RDI=0x000000001c770534
R8 =0x0000000000000000, R9 =0x0000000000000000, R10=0x0000000024955830, R11=0x0000000000000001
R12=0x0000000000a73350, R13=0x0000000024954f78, R14=0x00000000247684c0, R15=0x00000000ffffffff
RIP=0x00007ff893685559, EFLAGS=0x0000000000010246

Top of Stack: (sp=0x000000001acccb80)
0x000000001acccb80:   3d7fa7d6cb1a7d14 5b0bde1f50ac42b6
0x000000001acccb90:   1556c1955b67d94d 5ab61f356c2555b0
0x000000001acccba0:   56c216ad87cd5b08 e3db5bf56c07fe8b
0x000000001acccbb0:   e3db3bf5f8f59f5a e3db11ed71e39f5a
0x000000001acccbc0:   000000012732005a 00000001a8fcf6d7
0x000000001acccbd0:   22d042df00000000 00000534a5f94c8f
0x000000001acccbe0:   2ca9fa72084b4db7 e3eaa901ed269fa0
0x000000001acccbf0:   1431b5f3c75b9066 000000001c770534
0x000000001acccc00:   00000000d7244398 000000006a4eeb37
0x000000001acccc10:   0000000000000002 f23193fe00000000
0x000000001acccc20:   000000001acccd08 0000000000000000
0x000000001acccc30:   00000000784a0000 000000001acccca0
0x000000001acccc40:   00000000ffffffff 000000006a42d9e3
0x000000001acccc50:   0000000024954f78 0000000024955830
0x000000001acccc60:   0000000025c14880 de299c45ef4f338d
0x000000001acccc70:   000000001733bd38 00000000d620aab0 

Instructions: (pc=0x00007ff893685559)
0x00007ff893685539:   00 48 8b 7c 24 78 48 8b 4f 08 44 8b 4f 04 41 81
0x00007ff893685549:   e1 ff 0f 00 00 44 8b 47 10 4c 03 c1 33 d2 8b c1
0x00007ff893685559:   41 f7 f1 44 8b d2 44 8b d8 41 83 f9 01 0f 86 88
0x00007ff893685569:   00 00 00 48 c1 e9 20 49 c1 e8 20 41 3b c8 75 7b 


Register to memory mapping:

RAX=0x0000000000000000 is an unknown value
RBX=0x000000001c667f80 is an unknown value
RCX=0x0000000000000000 is an unknown value
RDX=0x0000000000000000 is an unknown value
RSP=0x000000001acccb80 is pointing into the stack for thread: 0x000000001925f000
RBP=0x000000001acccc80 is pointing into the stack for thread: 0x000000001925f000
RSI=0x0000000000000000 is an unknown value
RDI=0x000000001c770534 is an unknown value
R8 =0x0000000000000000 is an unknown value
R9 =0x0000000000000000 is an unknown value
R10=0x0000000024955830 is an unknown value
R11=0x0000000000000001 is an unknown value
R12=0x0000000000a73350 is an unknown value
R13=0x0000000024954f78 is an unknown value
R14=0x00000000247684c0 is an unknown value
R15=0x00000000ffffffff is an unallocated location in the heap


Stack: [0x000000001abd0000,0x000000001acd0000],  sp=0x000000001acccb80,  free space=1010k
Native frames: (J=compiled Java code, j=interpreted, Vv=VM code, C=native code)
C  [ig9icd64.dll+0x4c5559]
C  [ig9icd64.dll+0x536419]
C  [ig9icd64.dll+0x137518]
C  [ig9icd64.dll+0x4d2288]
C  [ig9icd64.dll+0x4c96ed]
C  [ig9icd64.dll+0x36f2fb]
C  [ig9icd64.dll+0x1f608e]
C  [ig9icd64.dll+0x91b983]
C  [ig9icd64.dll+0x91ae00]
C  [opengl32.dll+0x312da]
C  0x0000000002768c67

Java frames: (J=compiled Java code, j=interpreted, Vv=VM code)
j  org.lwjgl.opengl.GL11C.nglDrawElements(IIIJ)V+0
j  org.lwjgl.opengl.GL11C.glDrawElements(IIIJ)V+4
j  org.lwjgl.opengl.GL11.glDrawElements(IIIJ)V+4
j  pl.klakier.flappybird.graphics.VertexArray.draw()V+9
j  pl.klakier.flappybird.graphics.VertexArray.render()V+5
j  pl.klakier.flappybird.level.Level.render()V+10
j  pl.klakier.flappybird.Main.render()V+10
j  pl.klakier.flappybird.Main.run()V+12
j  java.lang.Thread.run()V+11
v  ~StubRoutines::call_stub

---------------  P R O C E S S  ---------------

Java Threads: ( => current thread )
  0x0000000002652800 JavaThread "DestroyJavaVM" [_thread_blocked, id=12792, stack(0x00000000024c0000,0x00000000025c0000)]
=>0x000000001925f000 JavaThread "Flappy" [_thread_in_native, id=18412, stack(0x000000001abd0000,0x000000001acd0000)]
  0x0000000018fec000 JavaThread "Service Thread" daemon [_thread_blocked, id=13764, stack(0x000000001a9d0000,0x000000001aad0000)]
  0x0000000018f65800 JavaThread "C1 CompilerThread3" daemon [_thread_blocked, id=3116, stack(0x000000001a8d0000,0x000000001a9d0000)]
  0x0000000018f63800 JavaThread "C2 CompilerThread2" daemon [_thread_blocked, id=7556, stack(0x000000001a7d0000,0x000000001a8d0000)]
  0x0000000018f56000 JavaThread "C2 CompilerThread1" daemon [_thread_blocked, id=6844, stack(0x000000001a6d0000,0x000000001a7d0000)]
  0x0000000018f51000 JavaThread "C2 CompilerThread0" daemon [_thread_blocked, id=3540, stack(0x000000001a5d0000,0x000000001a6d0000)]
  0x0000000018f4c000 JavaThread "Attach Listener" daemon [_thread_blocked, id=11480, stack(0x000000001a4d0000,0x000000001a5d0000)]
  0x0000000018f4b800 JavaThread "Signal Dispatcher" daemon [_thread_blocked, id=20124, stack(0x000000001a3d0000,0x000000001a4d0000)]
  0x0000000018f43000 JavaThread "Finalizer" daemon [_thread_blocked, id=7920, stack(0x000000001a1c0000,0x000000001a2c0000)]
  0x000000001784c800 JavaThread "Reference Handler" daemon [_thread_blocked, id=18044, stack(0x000000001a0c0000,0x000000001a1c0000)]

Other Threads:
  0x0000000017846800 VMThread [stack: 0x0000000019fc0000,0x000000001a0c0000] [id=20932]
  0x000000001900f800 WatcherThread [stack: 0x000000001aad0000,0x000000001abd0000] [id=25172]

VM state:not at safepoint (normal execution)

VM Mutex/Monitor currently owned by a thread: None

heap address: 0x0000000082600000, size: 2010 MB, Compressed Oops mode: 32-bit
Narrow klass base: 0x0000000000000000, Narrow klass shift: 3
Compressed class space size: 1073741824 Address: 0x0000000100000000

Heap:
 PSYoungGen      total 37888K, used 16908K [0x00000000d6200000, 0x00000000d8c00000, 0x0000000100000000)
  eden space 32768K, 51% used [0x00000000d6200000,0x00000000d7283018,0x00000000d8200000)
  from space 5120K, 0% used [0x00000000d8700000,0x00000000d8700000,0x00000000d8c00000)
  to   space 5120K, 0% used [0x00000000d8200000,0x00000000d8200000,0x00000000d8700000)
 ParOldGen       total 86016K, used 0K [0x0000000082600000, 0x0000000087a00000, 0x00000000d6200000)
  object space 86016K, 0% used [0x0000000082600000,0x0000000082600000,0x0000000087a00000)
 Metaspace       used 8889K, capacity 9073K, committed 9344K, reserved 1058816K
  class space    used 743K, capacity 842K, committed 896K, reserved 1048576K

Card table byte_map: [0x0000000011b10000,0x0000000011f00000] byte_map_base: 0x00000000116fd000

Marking Bits: (ParMarkBitMap*) 0x000000006aad4ce0
 Begin Bits: [0x0000000012ba0000, 0x0000000014b08000)
 End Bits:   [0x0000000014b08000, 0x0000000016a70000)

Polling page: 0x00000000023c0000

CodeCache: size=245760Kb used=2717Kb max_used=2717Kb free=243042Kb
 bounds [0x0000000002750000, 0x0000000002a00000, 0x0000000011750000]
 total_blobs=1463 nmethods=593 adapters=783
 compilation: enabled

Compilation events (10 events):
Event: 0.884 Thread 0x0000000018f65800  589   !   3       java.lang.ClassLoader::getPackage (118 bytes)
Event: 0.885 Thread 0x0000000018f65800 nmethod 589 0x00000000029f2e10 code [0x00000000029f3020, 0x00000000029f3d58]
Event: 0.887 Thread 0x0000000018f65800  590       3       java.lang.invoke.MemberName::checkForTypeAlias (168 bytes)
Event: 0.889 Thread 0x0000000018f65800 nmethod 590 0x00000000029f42d0 code [0x00000000029f46c0, 0x00000000029f6d58]
Event: 0.889 Thread 0x0000000018f65800  591       3       java.lang.invoke.MemberName::access$200 (6 bytes)
Event: 0.889 Thread 0x0000000018f65800 nmethod 591 0x00000000029f7c10 code [0x00000000029f7d80, 0x00000000029f7ee8]
Event: 0.899 Thread 0x0000000018f65800  592       3       java.util.Vector::elementData (7 bytes)
Event: 0.899 Thread 0x0000000018f65800 nmethod 592 0x00000000029f7f90 code [0x00000000029f80e0, 0x00000000029f8250]
Event: 0.906 Thread 0x0000000018f65800  593       3       java.io.FilterInputStream::<init> (10 bytes)
Event: 0.906 Thread 0x0000000018f65800 nmethod 593 0x00000000029f8550 code [0x00000000029f86c0, 0x00000000029f8910]

GC Heap History (0 events):
No events

Deoptimization events (0 events):
No events

Classes redefined (0 events):
No events

Internal exceptions (10 events):
Event: 0.257 Thread 0x000000001925f000 Exception <a 'java/security/PrivilegedActionException'> (0x00000000d6823308) thrown at [C:\re\workspace\8-2-build-windows-amd64-cygwin\jdk8u201\12322\hotspot\src\share\vm\prims\jvm.cpp, line 1502]
Event: 0.257 Thread 0x000000001925f000 Exception <a 'java/security/PrivilegedActionException'> (0x00000000d6823518) thrown at [C:\re\workspace\8-2-build-windows-amd64-cygwin\jdk8u201\12322\hotspot\src\share\vm\prims\jvm.cpp, line 1502]
Event: 0.302 Thread 0x000000001925f000 Exception <a 'sun/nio/fs/WindowsException'> (0x00000000d6867ef8) thrown at [C:\re\workspace\8-2-build-windows-amd64-cygwin\jdk8u201\12322\hotspot\src\share\vm\prims\jni.cpp, line 709]
Event: 0.303 Thread 0x000000001925f000 Exception <a 'sun/nio/fs/WindowsException'> (0x00000000d68687a0) thrown at [C:\re\workspace\8-2-build-windows-amd64-cygwin\jdk8u201\12322\hotspot\src\share\vm\prims\jni.cpp, line 709]
Event: 0.348 Thread 0x000000001925f000 Exception <a 'sun/nio/fs/WindowsException'> (0x00000000d6975500) thrown at [C:\re\workspace\8-2-build-windows-amd64-cygwin\jdk8u201\12322\hotspot\src\share\vm\prims\jni.cpp, line 709]
Event: 0.348 Thread 0x000000001925f000 Exception <a 'sun/nio/fs/WindowsException'> (0x00000000d6975be0) thrown at [C:\re\workspace\8-2-build-windows-amd64-cygwin\jdk8u201\12322\hotspot\src\share\vm\prims\jni.cpp, line 709]
Event: 0.557 Thread 0x000000001925f000 Exception <a 'sun/nio/fs/WindowsException'> (0x00000000d6a27478) thrown at [C:\re\workspace\8-2-build-windows-amd64-cygwin\jdk8u201\12322\hotspot\src\share\vm\prims\jni.cpp, line 709]
Event: 0.557 Thread 0x000000001925f000 Exception <a 'sun/nio/fs/WindowsException'> (0x00000000d6a27bb8) thrown at [C:\re\workspace\8-2-build-windows-amd64-cygwin\jdk8u201\12322\hotspot\src\share\vm\prims\jni.cpp, line 709]
Event: 0.559 Thread 0x000000001925f000 Exception <a 'sun/nio/fs/WindowsException'> (0x00000000d6a31958) thrown at [C:\re\workspace\8-2-build-windows-amd64-cygwin\jdk8u201\12322\hotspot\src\share\vm\prims\jni.cpp, line 709]
Event: 0.559 Thread 0x000000001925f000 Exception <a 'sun/nio/fs/WindowsException'> (0x00000000d6a31f50) thrown at [C:\re\workspace\8-2-build-windows-amd64-cygwin\jdk8u201\12322\hotspot\src\share\vm\prims\jni.cpp, line 709]

Events (10 events):
Event: 0.900 loading class java/nio/ByteBufferAsFloatBufferL
Event: 0.900 loading class java/nio/ByteBufferAsFloatBufferL done
Event: 0.900 loading class pl/klakier/flappybird/level/Level
Event: 0.900 loading class pl/klakier/flappybird/level/Level done
Event: 0.905 loading class pl/klakier/flappybird/graphics/VertexArray
Event: 0.905 loading class pl/klakier/flappybird/graphics/VertexArray done
Event: 0.905 loading class org/lwjgl/opengl/GL30C
Event: 0.905 loading class org/lwjgl/opengl/GL30C done
Event: 0.907 loading class org/lwjgl/opengl/GL21C
Event: 0.907 loading class org/lwjgl/opengl/GL21C done


Dynamic libraries:
0x00007ff76ecd0000 - 0x00007ff76ed07000 	C:\Program Files\Java\jre1.8.0_201\bin\javaw.exe
0x00007ff8ec7e0000 - 0x00007ff8ec9cd000 	C:\Windows\SYSTEM32\ntdll.dll
0x00007ff8e46c0000 - 0x00007ff8e46d5000 	C:\Program Files\AVAST Software\Avast\aswhook.dll
0x00007ff8e9ce0000 - 0x00007ff8e9d93000 	C:\Windows\System32\KERNEL32.DLL
0x00007ff8e9660000 - 0x00007ff8e98f3000 	C:\Windows\System32\KERNELBASE.dll
0x00007ff8ea220000 - 0x00007ff8ea2c3000 	C:\Windows\System32\ADVAPI32.dll
0x00007ff8e9c10000 - 0x00007ff8e9cae000 	C:\Windows\System32\msvcrt.dll
0x00007ff8e9b70000 - 0x00007ff8e9c0e000 	C:\Windows\System32\sechost.dll
0x00007ff8ea0f0000 - 0x00007ff8ea212000 	C:\Windows\System32\RPCRT4.dll
0x00007ff8ebf50000 - 0x00007ff8ec0e7000 	C:\Windows\System32\USER32.dll
0x00007ff8e9200000 - 0x00007ff8e9220000 	C:\Windows\System32\win32u.dll
0x00007ff8e9cb0000 - 0x00007ff8e9cd9000 	C:\Windows\System32\GDI32.dll
0x00007ff8e92d0000 - 0x00007ff8e9469000 	C:\Windows\System32\gdi32full.dll
0x00007ff8e9570000 - 0x00007ff8e9610000 	C:\Windows\System32\msvcp_win.dll
0x00007ff8e9900000 - 0x00007ff8e99fa000 	C:\Windows\System32\ucrtbase.dll
0x00007ff8d8d30000 - 0x00007ff8d8fa9000 	C:\Windows\WinSxS\amd64_microsoft.windows.common-controls_6595b64144ccf1df_6.0.17763.914_none_05b346b2072102f2\COMCTL32.dll
0x00007ff8eb970000 - 0x00007ff8ebc9c000 	C:\Windows\System32\combase.dll
0x00007ff8e9470000 - 0x00007ff8e94ee000 	C:\Windows\System32\bcryptPrimitives.dll
0x00007ff8ebca0000 - 0x00007ff8ebcce000 	C:\Windows\System32\IMM32.DLL
0x000000006a130000 - 0x000000006a201000 	C:\Program Files\Java\jre1.8.0_201\bin\msvcr100.dll
0x000000006a2b0000 - 0x000000006ab54000 	C:\Program Files\Java\jre1.8.0_201\bin\server\jvm.dll
0x00007ff8ec0f0000 - 0x00007ff8ec0f8000 	C:\Windows\System32\PSAPI.DLL
0x00007ff8d7520000 - 0x00007ff8d7529000 	C:\Windows\SYSTEM32\WSOCK32.dll
0x00007ff8ebee0000 - 0x00007ff8ebf4d000 	C:\Windows\System32\WS2_32.dll
0x00007ff8e6840000 - 0x00007ff8e6864000 	C:\Windows\SYSTEM32\WINMM.dll
0x00007ff8e0990000 - 0x00007ff8e099a000 	C:\Windows\SYSTEM32\VERSION.dll
0x00007ff8e6810000 - 0x00007ff8e683d000 	C:\Windows\SYSTEM32\WINMMBASE.dll
0x00007ff8e9610000 - 0x00007ff8e965a000 	C:\Windows\System32\cfgmgr32.dll
0x00007ff8e69d0000 - 0x00007ff8e69df000 	C:\Program Files\Java\jre1.8.0_201\bin\verify.dll
0x00007ff8d3240000 - 0x00007ff8d3269000 	C:\Program Files\Java\jre1.8.0_201\bin\java.dll
0x00007ff8d3220000 - 0x00007ff8d3236000 	C:\Program Files\Java\jre1.8.0_201\bin\zip.dll
0x00007ff8ea2d0000 - 0x00007ff8eb7c4000 	C:\Windows\System32\SHELL32.dll
0x00007ff8eb7d0000 - 0x00007ff8eb878000 	C:\Windows\System32\shcore.dll
0x00007ff8e8ab0000 - 0x00007ff8e91fd000 	C:\Windows\System32\windows.storage.dll
0x00007ff8e8850000 - 0x00007ff8e8874000 	C:\Windows\System32\profapi.dll
0x00007ff8e87f0000 - 0x00007ff8e884d000 	C:\Windows\System32\powrprof.dll
0x00007ff8e9da0000 - 0x00007ff8e9df2000 	C:\Windows\System32\shlwapi.dll
0x00007ff8e87d0000 - 0x00007ff8e87e1000 	C:\Windows\System32\kernel.appcore.dll
0x00007ff8e9550000 - 0x00007ff8e9567000 	C:\Windows\System32\cryptsp.dll
0x00007ff8e3910000 - 0x00007ff8e392a000 	C:\Program Files\Java\jre1.8.0_201\bin\net.dll
0x00007ff8d8590000 - 0x00007ff8d8767000 	C:\Windows\SYSTEM32\urlmon.dll
0x00007ff8d9890000 - 0x00007ff8d9b38000 	C:\Windows\SYSTEM32\iertutil.dll
0x00007ff8e8210000 - 0x00007ff8e821c000 	C:\Windows\SYSTEM32\CRYPTBASE.DLL
0x00007ff8e8040000 - 0x00007ff8e80a7000 	C:\Windows\system32\mswsock.dll
0x00007ff8dcb20000 - 0x00007ff8dcb31000 	C:\Program Files\Java\jre1.8.0_201\bin\nio.dll
0x00007ff8d3010000 - 0x00007ff8d3074000 	C:\Users\lukas\AppData\Local\Temp\lwjgllukas\3.2.3-build-13\lwjgl.dll
0x00007ff8c1e60000 - 0x00007ff8c1ec2000 	C:\Users\lukas\AppData\Local\Temp\lwjgllukas\3.2.3-build-13\glfw.dll
0x00007ff8e6d80000 - 0x00007ff8e6e1c000 	C:\Windows\system32\uxtheme.dll
0x00007ff8d7fd0000 - 0x00007ff8d8014000 	C:\Windows\SYSTEM32\dinput8.dll
0x00007ff8e3950000 - 0x00007ff8e3961000 	C:\Windows\SYSTEM32\xinput1_4.dll
0x00007ff8e85e0000 - 0x00007ff8e8609000 	C:\Windows\SYSTEM32\DEVOBJ.dll
0x00007ff8e6e50000 - 0x00007ff8e6e7e000 	C:\Windows\SYSTEM32\dwmapi.dll
0x00007ff8e88d0000 - 0x00007ff8e8aab000 	C:\Windows\System32\CRYPT32.dll
0x00007ff8e8880000 - 0x00007ff8e8892000 	C:\Windows\System32\MSASN1.dll
0x00007ff8db1a0000 - 0x00007ff8db26c000 	C:\Windows\SYSTEM32\inputhost.dll
0x00007ff8e6720000 - 0x00007ff8e6802000 	C:\Windows\SYSTEM32\CoreMessaging.dll
0x00007ff8e6f30000 - 0x00007ff8e713d000 	C:\Windows\SYSTEM32\twinapi.appcore.dll
0x00007ff8e3bb0000 - 0x00007ff8e3ed2000 	C:\Windows\SYSTEM32\CoreUIComponents.dll
0x00007ff8e5c00000 - 0x00007ff8e61be000 	C:\Windows\SYSTEM32\d2d1.dll
0x00007ff8e5980000 - 0x00007ff8e5bfe000 	C:\Windows\SYSTEM32\d3d11.dll
0x00007ff8e5190000 - 0x00007ff8e5339000 	C:\Windows\SYSTEM32\PROPSYS.dll
0x00007ff8ec640000 - 0x00007ff8ec704000 	C:\Windows\System32\OLEAUT32.dll
0x00007ff8e3a50000 - 0x00007ff8e3ba3000 	C:\Windows\SYSTEM32\wintypes.dll
0x00007ff8e7140000 - 0x00007ff8e7168000 	C:\Windows\SYSTEM32\RMCLIENT.dll
0x00007ff8e7820000 - 0x00007ff8e7851000 	C:\Windows\SYSTEM32\ntmarta.dll
0x00007ff8e75b0000 - 0x00007ff8e7672000 	C:\Windows\SYSTEM32\dxgi.dll
0x00007ff8e9a00000 - 0x00007ff8e9b6c000 	C:\Windows\System32\MSCTF.dll
0x00007ff8e7430000 - 0x00007ff8e743e000 	C:\Windows\SYSTEM32\HID.DLL
0x00007ff8ec100000 - 0x00007ff8ec576000 	C:\Windows\System32\SETUPAPI.DLL
0x00007ff8e88a0000 - 0x00007ff8e88c6000 	C:\Windows\System32\bcrypt.dll
0x00007ff8e94f0000 - 0x00007ff8e9549000 	C:\Windows\System32\WINTRUST.dll
0x00007ff8d9010000 - 0x00007ff8d9137000 	C:\Windows\SYSTEM32\opengl32.dll
0x00007ff8e1610000 - 0x00007ff8e163c000 	C:\Windows\SYSTEM32\GLU32.dll
0x00007ff8931c0000 - 0x00007ff8940c0000 	C:\Windows\System32\DriverStore\FileRepository\igdlh64.inf_amd64_b5d4c82c67b39358\ig9icd64.dll
0x00007ff8e5370000 - 0x00007ff8e5383000 	C:\Windows\SYSTEM32\WTSAPI32.dll
0x00007ff8ddc70000 - 0x00007ff8dfa10000 	C:\Windows\System32\DriverStore\FileRepository\igdlh64.inf_amd64_b5d4c82c67b39358\igc64.dll
0x00007ff8db270000 - 0x00007ff8db305000 	C:\Windows\System32\TextInputFramework.dll
0x00007ff8c1e00000 - 0x00007ff8c1e59000 	C:\Users\lukas\AppData\Local\Temp\lwjgllukas\3.2.3-build-13\lwjgl_opengl.dll
0x00007ff8dccd0000 - 0x00007ff8dcebd000 	C:\Windows\SYSTEM32\dbghelp.dll

VM Arguments:
jvm_args: -Dfile.encoding=Cp1250 
java_command: pl.klakier.flappybird.Main
java_class_path (initial): D:\Eclipse-workspace\FlappyBird\bin;D:\Eclipse-workspace\FlappyBird\lib\lwjgl-3.2.3\lwjgl\lwjgl-natives-linux-arm32.jar;D:\Eclipse-workspace\FlappyBird\lib\lwjgl-3.2.3\lwjgl\lwjgl-natives-linux-arm64.jar;D:\Eclipse-workspace\FlappyBird\lib\lwjgl-3.2.3\lwjgl\lwjgl-natives-linux.jar;D:\Eclipse-workspace\FlappyBird\lib\lwjgl-3.2.3\lwjgl\lwjgl-natives-macos.jar;D:\Eclipse-workspace\FlappyBird\lib\lwjgl-3.2.3\lwjgl\lwjgl-natives-windows-x86.jar;D:\Eclipse-workspace\FlappyBird\lib\lwjgl-3.2.3\lwjgl\lwjgl-natives-windows.jar;D:\Eclipse-workspace\FlappyBird\lib\lwjgl-3.2.3\lwjgl-glfw\lwjgl-glfw-natives-linux-arm32.jar;D:\Eclipse-workspace\FlappyBird\lib\lwjgl-3.2.3\lwjgl-glfw\lwjgl-glfw-natives-linux-arm64.jar;D:\Eclipse-workspace\FlappyBird\lib\lwjgl-3.2.3\lwjgl-glfw\lwjgl-glfw-natives-linux.jar;D:\Eclipse-workspace\FlappyBird\lib\lwjgl-3.2.3\lwjgl-glfw\lwjgl-glfw-natives-macos.jar;D:\Eclipse-workspace\FlappyBird\lib\lwjgl-3.2.3\lwjgl-glfw\lwjgl-glfw-natives-windows-x86.jar;D:\Eclipse-workspace\FlappyBird\lib\lwjgl-3.2.3\lwjgl-glfw\lwjgl-glfw-natives-windows.jar;D:\Eclipse-workspace\FlappyBird\lib\lwjgl-3.2.3\lwjgl-glfw\lwjgl-glfw.jar;D:\Eclipse-workspace\FlappyBird\lib\lwjgl-3.2.3\lwjgl-opengl\lwjgl-opengl-natives-linux-arm32.jar;D:\Eclipse-workspace\FlappyBird\lib\lwjgl-3.2.3\lwjgl-opengl\lwjgl-opengl-natives-linux-arm64.jar;D:\Eclipse-workspace\FlappyBird\lib\lwjgl-3.2.3\lwjgl-opengl\lwjgl-opengl-natives-linux.jar;D:\Eclipse-workspace\FlappyBird\lib\lwjgl-3.2.3\lwjgl-opengl\lwjgl-opengl-natives-macos.jar;D:\Eclipse-workspace\FlappyBird\lib\lwjgl-3.2.3\lwjgl-opengl\lwjgl-opengl-natives-windows-x86.jar;D:\Eclipse-workspace\FlappyBird\lib\lwjgl-3.2.3\lwjgl-opengl\lwjgl-opengl-natives-windows.jar;D:\Eclipse-workspace\FlappyBird\lib\lwjgl-3.2.3\lwjgl-opengl\lwjgl-opengl.jar;D:\Eclipse-workspace\FlappyBird\lib\lwjgl-3.2.3\lwjgl\lwjgl.jar
Launcher Type: SUN_STANDARD

Environment Variables:
JAVA_HOME=C:\Program Files\Java\jdk1.8.0_201
PATH=C:/Program Files/Java/jre1.8.0_201/bin/server;C:/Program Files/Java/jre1.8.0_201/bin;C:/Program Files/Java/jre1.8.0_201/lib/amd64;C:\Program Files (x86)\Common Files\Oracle\Java\javapath;C:\Windows\system32;C:\Windows;C:\Windows\System32\Wbem;C:\Windows\System32\WindowsPowerShell\v1.0\;C:\Windows\System32\OpenSSH\;C:\Program Files\dotnet\;C:\Program Files\Java\jdk1.8.0_201\bin;D:\XAMPP\php;C:\ProgramData\ComposerSetup\bin;D:\Git\cmd;D:\nodejs\;C:\Program Files (x86)\STMicroelectronics\STM32 ST-LINK Utility\ST-LINK Utility;C:\Users\lukas\AppData\Local\Microsoft\WindowsApps;C:\Users\lukas\AppData\Roaming\Composer\vendor\bin;D:\Microsoft VS Code\bin;D:\heroku\bin;C:\Users\lukas\AppData\Roaming\npm;C:\Users\lukas\Desktop;
USERNAME=lukas
OS=Windows_NT
PROCESSOR_IDENTIFIER=Intel64 Family 6 Model 158 Stepping 10, GenuineIntel



---------------  S Y S T E M  ---------------

OS: Windows 10.0 , 64 bit Build 17763 (10.0.17763.475)

CPU:total 12 (initial active 12) (6 cores per cpu, 2 threads per core) family 6 model 158 stepping 10, cmov, cx8, fxsr, mmx, sse, sse2, sse3, ssse3, sse4.1, sse4.2, popcnt, avx, avx2, aes, clmul, erms, 3dnowpref, lzcnt, ht, tsc, tscinvbit, bmi1, bmi2, adx

Memory: 4k page, physical 8227124k(2825916k free), swap 13470004k(4484948k free)

vm_info: Java HotSpot(TM) 64-Bit Server VM (25.201-b09) for windows-amd64 JRE (1.8.0_201-b09), built on Dec 15 2018 18:36:39 by "java_re" with MS VC++ 10.0 (VS2010)

time: Fri Apr 24 19:48:34 2020
timezone: Œrodkowoeuropejski czas letni
elapsed time: 1 seconds (0d 0h 0m 1s)

