#
# A fatal error has been detected by the Java Runtime Environment:
#
#  EXCEPTION_INT_DIVIDE_BY_ZERO (0xc0000094) at pc=0x00007ff893685559, pid=1060, tid=0x00000000000060e0
#
# JRE version: Java(TM) SE Runtime Environment (8.0_201-b09) (build 1.8.0_201-b09)
# Java VM: Java HotSpot(TM) 64-Bit Server VM (25.201-b09 mixed mode windows-amd64 compressed oops)
# Problematic frame:
# C  [ig9icd64.dll+0x4c5559]
#
# Failed to write core dump. Minidumps are not enabled by default on client versions of Windows
#
# If you would like to submit a bug report, please visit:
#   http://bugreport.java.com/bugreport/crash.jsp
# The crash happened outside the Java Virtual Machine in native code.
# See problematic frame for where to report the bug.
#

---------------  T H R E A D  ---------------

Current thread (0x000000001aff7000):  JavaThread "Flappy" [_thread_in_native, id=24800, stack(0x000000001b760000,0x000000001b860000)]

siginfo: ExceptionCode=0xc0000094

Registers:
RAX=0x0000000000000000, RBX=0x000000001e788000, RCX=0x0000000000000000, RDX=0x0000000000000000
RSP=0x000000001b85cc30, RBP=0x000000001b85cd30, RSI=0x0000000000000000, RDI=0x000000001eb40534
R8 =0x0000000000000000, R9 =0x0000000000000000, R10=0x0000000000586e50, R11=0x0000000000000001
R12=0x000000001e84ec90, R13=0x0000000000586598, R14=0x000000000061e9b0, R15=0x00000000ffffffff
RIP=0x00007ff893685559, EFLAGS=0x0000000000010246

Top of Stack: (sp=0x000000001b85cc30)
0x000000001b85cc30:   0000000000000000 00007ff8e46c3953
0x000000001b85cc40:   0000000000000282 0000000000000000
0x000000001b85cc50:   000000001b85cf90 00007ff8ebf5cc33
0x000000001b85cc60:   0000000000000000 0000000000000001
0x000000001b85cc70:   0000000100000000 0000000180007811
0x000000001b85cc80:   ffffffff00000000 000005346a34b45f
0x000000001b85cc90:   0000000000007fe8 0000000100007fe8
0x000000001b85cca0:   0000000000000000 000000001eb40534
0x000000001b85ccb0:   8000781100000001 0000000000000000
0x000000001b85ccc0:   0000000000000002 0000000000000000
0x000000001b85ccd0:   0000000000000048 0000000000000000
0x000000001b85cce0:   00000000784a0000 000000001b85cd80
0x000000001b85ccf0:   00000000ffffffff 00007ff8e96c9895
0x000000001b85cd00:   0000000000586598 0000000000586e50
0x000000001b85cd10:   000000002aa7aab0 000000001b85c8d9
0x000000001b85cd20:   0000000000000000 000000001b85cdc0 

Instructions: (pc=0x00007ff893685559)
0x00007ff893685539:   00 48 8b 7c 24 78 48 8b 4f 08 44 8b 4f 04 41 81
0x00007ff893685549:   e1 ff 0f 00 00 44 8b 47 10 4c 03 c1 33 d2 8b c1
0x00007ff893685559:   41 f7 f1 44 8b d2 44 8b d8 41 83 f9 01 0f 86 88
0x00007ff893685569:   00 00 00 48 c1 e9 20 49 c1 e8 20 41 3b c8 75 7b 


Register to memory mapping:

RAX=0x0000000000000000 is an unknown value
RBX=0x000000001e788000 is an unknown value
RCX=0x0000000000000000 is an unknown value
RDX=0x0000000000000000 is an unknown value
RSP=0x000000001b85cc30 is pointing into the stack for thread: 0x000000001aff7000
RBP=0x000000001b85cd30 is pointing into the stack for thread: 0x000000001aff7000
RSI=0x0000000000000000 is an unknown value
RDI=0x000000001eb40534 is an unknown value
R8 =0x0000000000000000 is an unknown value
R9 =0x0000000000000000 is an unknown value
R10=0x0000000000586e50 is an unknown value
R11=0x0000000000000001 is an unknown value
R12=0x000000001e84ec90 is an unknown value
R13=0x0000000000586598 is an unknown value
R14=0x000000000061e9b0 is an unknown value
R15=0x00000000ffffffff is an unallocated location in the heap


Stack: [0x000000001b760000,0x000000001b860000],  sp=0x000000001b85cc30,  free space=1011k
Native frames: (J=compiled Java code, j=interpreted, Vv=VM code, C=native code)
C  [ig9icd64.dll+0x4c5559]
C  [ig9icd64.dll+0x536419]
C  [ig9icd64.dll+0x137518]
C  [ig9icd64.dll+0x4d2288]
C  [ig9icd64.dll+0x4c96ed]
C  [ig9icd64.dll+0x36f2fb]
C  [ig9icd64.dll+0x1f608e]
C  [ig9icd64.dll+0x91b983]
C  [ig9icd64.dll+0x91ae00]
C  [opengl32.dll+0x312da]
C  0x00000000024f1df0

Java frames: (J=compiled Java code, j=interpreted, Vv=VM code)
j  org.lwjgl.opengl.GL11C.nglDrawElements(IIIJ)V+0
j  org.lwjgl.opengl.GL11C.glDrawElements(IIIJ)V+4
j  org.lwjgl.opengl.GL11.glDrawElements(IIIJ)V+4
j  pl.klakier.flappybird.graphics.VertexArray.draw()V+9
j  pl.klakier.flappybird.graphics.VertexArray.render()V+5
j  pl.klakier.flappybird.level.Level.render()V+10
j  pl.klakier.flappybird.Main.render()V+10
j  pl.klakier.flappybird.Main.run()V+12
j  java.lang.Thread.run()V+11
v  ~StubRoutines::call_stub

---------------  P R O C E S S  ---------------

Java Threads: ( => current thread )
  0x00000000023d3800 JavaThread "DestroyJavaVM" [_thread_blocked, id=27048, stack(0x00000000021d0000,0x00000000022d0000)]
=>0x000000001aff7000 JavaThread "Flappy" [_thread_in_native, id=24800, stack(0x000000001b760000,0x000000001b860000)]
  0x0000000018f09000 JavaThread "Service Thread" daemon [_thread_blocked, id=24296, stack(0x000000001ad60000,0x000000001ae60000)]
  0x0000000018e7b000 JavaThread "C1 CompilerThread3" daemon [_thread_blocked, id=23484, stack(0x000000001ac60000,0x000000001ad60000)]
  0x0000000018e7a800 JavaThread "C2 CompilerThread2" daemon [_thread_blocked, id=23432, stack(0x000000001ab60000,0x000000001ac60000)]
  0x0000000018e73800 JavaThread "C2 CompilerThread1" daemon [_thread_blocked, id=25008, stack(0x000000001aa60000,0x000000001ab60000)]
  0x0000000018e6f800 JavaThread "C2 CompilerThread0" daemon [_thread_blocked, id=18264, stack(0x000000001a960000,0x000000001aa60000)]
  0x0000000018cce000 JavaThread "JDWP Command Reader" daemon [_thread_in_native, id=6360, stack(0x000000001a860000,0x000000001a960000)]
  0x0000000018cc7000 JavaThread "JDWP Event Helper Thread" daemon [_thread_blocked, id=11984, stack(0x000000001a760000,0x000000001a860000)]
  0x0000000018cbb800 JavaThread "JDWP Transport Listener: dt_socket" daemon [_thread_blocked, id=25016, stack(0x000000001a660000,0x000000001a760000)]
  0x0000000018cb1800 JavaThread "Attach Listener" daemon [_thread_blocked, id=24716, stack(0x000000001a220000,0x000000001a320000)]
  0x0000000018cae000 JavaThread "Signal Dispatcher" daemon [_thread_blocked, id=25972, stack(0x000000001a120000,0x000000001a220000)]
  0x0000000018ca3000 JavaThread "Finalizer" daemon [_thread_blocked, id=18796, stack(0x0000000019f10000,0x000000001a010000)]
  0x00000000175cc800 JavaThread "Reference Handler" daemon [_thread_blocked, id=3852, stack(0x0000000019e10000,0x0000000019f10000)]

Other Threads:
  0x0000000018c82800 VMThread [stack: 0x0000000019d10000,0x0000000019e10000] [id=22352]
  0x0000000018f91000 WatcherThread [stack: 0x000000001ae60000,0x000000001af60000] [id=17452]

VM state:not at safepoint (normal execution)

VM Mutex/Monitor currently owned by a thread: None

heap address: 0x0000000082600000, size: 2010 MB, Compressed Oops mode: 32-bit
Narrow klass base: 0x0000000000000000, Narrow klass shift: 3
Compressed class space size: 1073741824 Address: 0x0000000100000000

Heap:
 PSYoungGen      total 37888K, used 19632K [0x00000000d6200000, 0x00000000d8c00000, 0x0000000100000000)
  eden space 32768K, 49% used [0x00000000d6200000,0x00000000d71e3a10,0x00000000d8200000)
  from space 5120K, 65% used [0x00000000d8200000,0x00000000d85487e8,0x00000000d8700000)
  to   space 5120K, 0% used [0x00000000d8700000,0x00000000d8700000,0x00000000d8c00000)
 ParOldGen       total 86016K, used 16K [0x0000000082600000, 0x0000000087a00000, 0x00000000d6200000)
  object space 86016K, 0% used [0x0000000082600000,0x0000000082604000,0x0000000087a00000)
 Metaspace       used 10885K, capacity 11111K, committed 11392K, reserved 1058816K
  class space    used 923K, capacity 1035K, committed 1152K, reserved 1048576K

Card table byte_map: [0x0000000011890000,0x0000000011c80000] byte_map_base: 0x000000001147d000

Marking Bits: (ParMarkBitMap*) 0x000000006aad4ce0
 Begin Bits: [0x0000000012920000, 0x0000000014888000)
 End Bits:   [0x0000000014888000, 0x00000000167f0000)

Polling page: 0x00000000001e0000

CodeCache: size=245760Kb used=4278Kb max_used=4371Kb free=241481Kb
 bounds [0x00000000024d0000, 0x0000000002920000, 0x00000000114d0000]
 total_blobs=1720 nmethods=830 adapters=811
 compilation: enabled

Compilation events (10 events):
Event: 1.417 Thread 0x0000000018e7b000 nmethod 828 0x00000000028b9f10 code [0x00000000028ba060, 0x00000000028ba210]
Event: 1.420 Thread 0x0000000018e73800 nmethod 787 0x00000000028c0b10 code [0x00000000028c0c80, 0x00000000028c11d8]
Event: 1.420 Thread 0x0000000018e73800  793   !   4       sun.misc.URLClassPath$JarLoader::getResource (85 bytes)
Event: 1.426 Thread 0x0000000018e7a800 nmethod 820 0x00000000028d3210 code [0x00000000028d3460, 0x00000000028d41e8]
Event: 1.426 Thread 0x0000000018e7a800  767       4       org.eclipse.jdt.launching.internal.org.objectweb.asm.ClassWriter::visitMethod (57 bytes)
Event: 1.438 Thread 0x0000000018e7a800 nmethod 767 0x00000000028cfd90 code [0x00000000028cff40, 0x00000000028d08d0]
Event: 1.438 Thread 0x0000000018e7a800  830       4       sun.misc.MetaIndex::mayContain (51 bytes)
Event: 1.445 Thread 0x0000000018e7a800 nmethod 830 0x00000000028cf310 code [0x00000000028cf460, 0x00000000028cf938]
Event: 1.465 Thread 0x0000000018e73800 nmethod 793 0x00000000028d8590 code [0x00000000028d8940, 0x00000000028da628]
Event: 1.940 Thread 0x0000000018e6f800 nmethod 499 0x00000000028f3fd0 code [0x00000000028f4e60, 0x000000000290a960]

GC Heap History (2 events):
Event: 1.231 GC heap before
{Heap before GC invocations=1 (full 0):
 PSYoungGen      total 37888K, used 32768K [0x00000000d6200000, 0x00000000d8c00000, 0x0000000100000000)
  eden space 32768K, 100% used [0x00000000d6200000,0x00000000d8200000,0x00000000d8200000)
  from space 5120K, 0% used [0x00000000d8700000,0x00000000d8700000,0x00000000d8c00000)
  to   space 5120K, 0% used [0x00000000d8200000,0x00000000d8200000,0x00000000d8700000)
 ParOldGen       total 86016K, used 0K [0x0000000082600000, 0x0000000087a00000, 0x00000000d6200000)
  object space 86016K, 0% used [0x0000000082600000,0x0000000082600000,0x0000000087a00000)
 Metaspace       used 9306K, capacity 9573K, committed 9728K, reserved 1058816K
  class space    used 862K, capacity 970K, committed 1024K, reserved 1048576K
Event: 1.238 GC heap after
Heap after GC invocations=1 (full 0):
 PSYoungGen      total 37888K, used 3361K [0x00000000d6200000, 0x00000000d8c00000, 0x0000000100000000)
  eden space 32768K, 0% used [0x00000000d6200000,0x00000000d6200000,0x00000000d8200000)
  from space 5120K, 65% used [0x00000000d8200000,0x00000000d85487e8,0x00000000d8700000)
  to   space 5120K, 0% used [0x00000000d8700000,0x00000000d8700000,0x00000000d8c00000)
 ParOldGen       total 86016K, used 16K [0x0000000082600000, 0x0000000087a00000, 0x00000000d6200000)
  object space 86016K, 0% used [0x0000000082600000,0x0000000082604000,0x0000000087a00000)
 Metaspace       used 9306K, capacity 9573K, committed 9728K, reserved 1058816K
  class space    used 862K, capacity 970K, committed 1024K, reserved 1048576K
}

Deoptimization events (3 events):
Event: 0.671 Thread 0x000000001aff7000 Uncommon trap: reason=unstable_if action=reinterpret pc=0x000000000264f214 method=org.eclipse.jdt.launching.internal.org.objectweb.asm.ClassReader.readUtf(II[C)Ljava/lang/String; @ 41
Event: 0.671 Thread 0x000000001aff7000 Uncommon trap: reason=unstable_if action=reinterpret pc=0x000000000270257c method=org.eclipse.jdt.launching.internal.org.objectweb.asm.ByteVector.putUTF8(Ljava/lang/String;)Lorg/eclipse/jdt/launching/internal/org/objectweb/asm/ByteVector; @ 100
Event: 0.671 Thread 0x000000001aff7000 Uncommon trap: reason=unstable_if action=reinterpret pc=0x00000000026523ac method=org.eclipse.jdt.launching.internal.org.objectweb.asm.ByteVector.putUTF8(Ljava/lang/String;)Lorg/eclipse/jdt/launching/internal/org/objectweb/asm/ByteVector; @ 100

Classes redefined (0 events):
No events

Internal exceptions (10 events):
Event: 0.620 Thread 0x000000001aff7000 Exception <a 'java/security/PrivilegedActionException'> (0x00000000d6f5e328) thrown at [C:\re\workspace\8-2-build-windows-amd64-cygwin\jdk8u201\12322\hotspot\src\share\vm\prims\jvm.cpp, line 1502]
Event: 0.620 Thread 0x000000001aff7000 Exception <a 'java/security/PrivilegedActionException'> (0x00000000d6f5e538) thrown at [C:\re\workspace\8-2-build-windows-amd64-cygwin\jdk8u201\12322\hotspot\src\share\vm\prims\jvm.cpp, line 1502]
Event: 0.661 Thread 0x000000001aff7000 Exception <a 'sun/nio/fs/WindowsException'> (0x00000000d7005a88) thrown at [C:\re\workspace\8-2-build-windows-amd64-cygwin\jdk8u201\12322\hotspot\src\share\vm\prims\jni.cpp, line 709]
Event: 0.661 Thread 0x000000001aff7000 Exception <a 'sun/nio/fs/WindowsException'> (0x00000000d70073d8) thrown at [C:\re\workspace\8-2-build-windows-amd64-cygwin\jdk8u201\12322\hotspot\src\share\vm\prims\jni.cpp, line 709]
Event: 0.742 Thread 0x000000001aff7000 Exception <a 'sun/nio/fs/WindowsException'> (0x00000000d72d1510) thrown at [C:\re\workspace\8-2-build-windows-amd64-cygwin\jdk8u201\12322\hotspot\src\share\vm\prims\jni.cpp, line 709]
Event: 0.742 Thread 0x000000001aff7000 Exception <a 'sun/nio/fs/WindowsException'> (0x00000000d72d1bf0) thrown at [C:\re\workspace\8-2-build-windows-amd64-cygwin\jdk8u201\12322\hotspot\src\share\vm\prims\jni.cpp, line 709]
Event: 0.963 Thread 0x000000001aff7000 Exception <a 'sun/nio/fs/WindowsException'> (0x00000000d750b7e8) thrown at [C:\re\workspace\8-2-build-windows-amd64-cygwin\jdk8u201\12322\hotspot\src\share\vm\prims\jni.cpp, line 709]
Event: 0.963 Thread 0x000000001aff7000 Exception <a 'sun/nio/fs/WindowsException'> (0x00000000d750bf28) thrown at [C:\re\workspace\8-2-build-windows-amd64-cygwin\jdk8u201\12322\hotspot\src\share\vm\prims\jni.cpp, line 709]
Event: 0.967 Thread 0x000000001aff7000 Exception <a 'sun/nio/fs/WindowsException'> (0x00000000d7518dc0) thrown at [C:\re\workspace\8-2-build-windows-amd64-cygwin\jdk8u201\12322\hotspot\src\share\vm\prims\jni.cpp, line 709]
Event: 0.967 Thread 0x000000001aff7000 Exception <a 'sun/nio/fs/WindowsException'> (0x00000000d75193b8) thrown at [C:\re\workspace\8-2-build-windows-amd64-cygwin\jdk8u201\12322\hotspot\src\share\vm\prims\jni.cpp, line 709]

Events (10 events):
Event: 73.056 Executing VM operation: GetOrSetLocal
Event: 73.056 Executing VM operation: GetOrSetLocal done
Event: 73.562 Executing VM operation: EnterInterpOnlyMode
Event: 73.562 Executing VM operation: EnterInterpOnlyMode done
Event: 73.562 Executing VM operation: GetCurrentLocation
Event: 73.562 Executing VM operation: GetCurrentLocation done
Event: 73.562 Executing VM operation: ChangeSingleStep
Event: 73.562 Executing VM operation: ChangeSingleStep done
Event: 73.565 Executing VM operation: ChangeSingleStep
Event: 73.565 Executing VM operation: ChangeSingleStep done


Dynamic libraries:
0x00007ff76ecd0000 - 0x00007ff76ed07000 	C:\Program Files\Java\jre1.8.0_201\bin\javaw.exe
0x00007ff8ec7e0000 - 0x00007ff8ec9cd000 	C:\Windows\SYSTEM32\ntdll.dll
0x00007ff8e46c0000 - 0x00007ff8e46d5000 	C:\Program Files\AVAST Software\Avast\aswhook.dll
0x00007ff8e9ce0000 - 0x00007ff8e9d93000 	C:\Windows\System32\KERNEL32.DLL
0x00007ff8e9660000 - 0x00007ff8e98f3000 	C:\Windows\System32\KERNELBASE.dll
0x00007ff8ea220000 - 0x00007ff8ea2c3000 	C:\Windows\System32\ADVAPI32.dll
0x00007ff8e9c10000 - 0x00007ff8e9cae000 	C:\Windows\System32\msvcrt.dll
0x00007ff8e9b70000 - 0x00007ff8e9c0e000 	C:\Windows\System32\sechost.dll
0x00007ff8ea0f0000 - 0x00007ff8ea212000 	C:\Windows\System32\RPCRT4.dll
0x00007ff8ebf50000 - 0x00007ff8ec0e7000 	C:\Windows\System32\USER32.dll
0x00007ff8e9200000 - 0x00007ff8e9220000 	C:\Windows\System32\win32u.dll
0x00007ff8e9cb0000 - 0x00007ff8e9cd9000 	C:\Windows\System32\GDI32.dll
0x00007ff8e92d0000 - 0x00007ff8e9469000 	C:\Windows\System32\gdi32full.dll
0x00007ff8e9570000 - 0x00007ff8e9610000 	C:\Windows\System32\msvcp_win.dll
0x00007ff8e9900000 - 0x00007ff8e99fa000 	C:\Windows\System32\ucrtbase.dll
0x00007ff8d8d30000 - 0x00007ff8d8fa9000 	C:\Windows\WinSxS\amd64_microsoft.windows.common-controls_6595b64144ccf1df_6.0.17763.914_none_05b346b2072102f2\COMCTL32.dll
0x00007ff8eb970000 - 0x00007ff8ebc9c000 	C:\Windows\System32\combase.dll
0x00007ff8e9470000 - 0x00007ff8e94ee000 	C:\Windows\System32\bcryptPrimitives.dll
0x00007ff8ebca0000 - 0x00007ff8ebcce000 	C:\Windows\System32\IMM32.DLL
0x000000006a130000 - 0x000000006a201000 	C:\Program Files\Java\jre1.8.0_201\bin\msvcr100.dll
0x000000006a2b0000 - 0x000000006ab54000 	C:\Program Files\Java\jre1.8.0_201\bin\server\jvm.dll
0x00007ff8ec0f0000 - 0x00007ff8ec0f8000 	C:\Windows\System32\PSAPI.DLL
0x00007ff8d7520000 - 0x00007ff8d7529000 	C:\Windows\SYSTEM32\WSOCK32.dll
0x00007ff8ebee0000 - 0x00007ff8ebf4d000 	C:\Windows\System32\WS2_32.dll
0x00007ff8e6840000 - 0x00007ff8e6864000 	C:\Windows\SYSTEM32\WINMM.dll
0x00007ff8e0990000 - 0x00007ff8e099a000 	C:\Windows\SYSTEM32\VERSION.dll
0x00007ff8e6810000 - 0x00007ff8e683d000 	C:\Windows\SYSTEM32\WINMMBASE.dll
0x00007ff8e9610000 - 0x00007ff8e965a000 	C:\Windows\System32\cfgmgr32.dll
0x00007ff8e69d0000 - 0x00007ff8e69df000 	C:\Program Files\Java\jre1.8.0_201\bin\verify.dll
0x00007ff8d3240000 - 0x00007ff8d3269000 	C:\Program Files\Java\jre1.8.0_201\bin\java.dll
0x00007ff8e3930000 - 0x00007ff8e3965000 	C:\Program Files\Java\jre1.8.0_201\bin\jdwp.dll
0x00007ff8e4710000 - 0x00007ff8e4718000 	C:\Program Files\Java\jre1.8.0_201\bin\npt.dll
0x00007ff8d7ff0000 - 0x00007ff8d8013000 	C:\Program Files\Java\jre1.8.0_201\bin\instrument.dll
0x00007ff8d3220000 - 0x00007ff8d3236000 	C:\Program Files\Java\jre1.8.0_201\bin\zip.dll
0x00007ff8ea2d0000 - 0x00007ff8eb7c4000 	C:\Windows\System32\SHELL32.dll
0x00007ff8eb7d0000 - 0x00007ff8eb878000 	C:\Windows\System32\shcore.dll
0x00007ff8e8ab0000 - 0x00007ff8e91fd000 	C:\Windows\System32\windows.storage.dll
0x00007ff8e8850000 - 0x00007ff8e8874000 	C:\Windows\System32\profapi.dll
0x00007ff8e87f0000 - 0x00007ff8e884d000 	C:\Windows\System32\powrprof.dll
0x00007ff8e9da0000 - 0x00007ff8e9df2000 	C:\Windows\System32\shlwapi.dll
0x00007ff8e87d0000 - 0x00007ff8e87e1000 	C:\Windows\System32\kernel.appcore.dll
0x00007ff8e9550000 - 0x00007ff8e9567000 	C:\Windows\System32\cryptsp.dll
0x00007ff8dcae0000 - 0x00007ff8dcae9000 	C:\Program Files\Java\jre1.8.0_201\bin\dt_socket.dll
0x00007ff8ccbd0000 - 0x00007ff8ccbe6000 	C:\Windows\system32\napinsp.dll
0x00007ff8cc520000 - 0x00007ff8cc53a000 	C:\Windows\system32\pnrpnsp.dll
0x00007ff8e8040000 - 0x00007ff8e80a7000 	C:\Windows\System32\mswsock.dll
0x00007ff8e7da0000 - 0x00007ff8e7e66000 	C:\Windows\SYSTEM32\DNSAPI.dll
0x00007ff8ec630000 - 0x00007ff8ec638000 	C:\Windows\System32\NSI.dll
0x00007ff8e7d60000 - 0x00007ff8e7d9d000 	C:\Windows\SYSTEM32\IPHLPAPI.DLL
0x00007ff8ccbc0000 - 0x00007ff8ccbce000 	C:\Windows\System32\winrnr.dll
0x00007ff8e4f20000 - 0x00007ff8e4f3b000 	C:\Windows\system32\NLAapi.dll
0x00007ff8cae10000 - 0x00007ff8cae25000 	C:\Windows\system32\wshbth.dll
0x00007ff8dae60000 - 0x00007ff8daed9000 	C:\Windows\System32\fwpuclnt.dll
0x00007ff8e88a0000 - 0x00007ff8e88c6000 	C:\Windows\System32\bcrypt.dll
0x00007ff8d9860000 - 0x00007ff8d986a000 	C:\Windows\System32\rasadhlp.dll
0x00007ff8e3910000 - 0x00007ff8e392a000 	C:\Program Files\Java\jre1.8.0_201\bin\net.dll
0x00007ff8d8590000 - 0x00007ff8d8767000 	C:\Windows\SYSTEM32\urlmon.dll
0x00007ff8d9890000 - 0x00007ff8d9b38000 	C:\Windows\SYSTEM32\iertutil.dll
0x00007ff8e8210000 - 0x00007ff8e821c000 	C:\Windows\SYSTEM32\CRYPTBASE.DLL
0x00007ff8dcb20000 - 0x00007ff8dcb31000 	C:\Program Files\Java\jre1.8.0_201\bin\nio.dll
0x00007ff8d3010000 - 0x00007ff8d3074000 	C:\Users\lukas\AppData\Local\Temp\lwjgllukas\3.2.3-build-13\lwjgl.dll
0x00007ff8c1e60000 - 0x00007ff8c1ec2000 	C:\Users\lukas\AppData\Local\Temp\lwjgllukas\3.2.3-build-13\glfw.dll
0x00007ff8e6d80000 - 0x00007ff8e6e1c000 	C:\Windows\system32\uxtheme.dll
0x00007ff8c1e10000 - 0x00007ff8c1e54000 	C:\Windows\SYSTEM32\dinput8.dll
0x00007ff8d7fd0000 - 0x00007ff8d7fe1000 	C:\Windows\SYSTEM32\xinput1_4.dll
0x00007ff8e85e0000 - 0x00007ff8e8609000 	C:\Windows\SYSTEM32\DEVOBJ.dll
0x00007ff8e6e50000 - 0x00007ff8e6e7e000 	C:\Windows\SYSTEM32\dwmapi.dll
0x00007ff8e88d0000 - 0x00007ff8e8aab000 	C:\Windows\System32\CRYPT32.dll
0x00007ff8e8880000 - 0x00007ff8e8892000 	C:\Windows\System32\MSASN1.dll
0x00007ff8db1a0000 - 0x00007ff8db26c000 	C:\Windows\SYSTEM32\inputhost.dll
0x00007ff8e6720000 - 0x00007ff8e6802000 	C:\Windows\SYSTEM32\CoreMessaging.dll
0x00007ff8e6f30000 - 0x00007ff8e713d000 	C:\Windows\SYSTEM32\twinapi.appcore.dll
0x00007ff8e3bb0000 - 0x00007ff8e3ed2000 	C:\Windows\SYSTEM32\CoreUIComponents.dll
0x00007ff8e5c00000 - 0x00007ff8e61be000 	C:\Windows\SYSTEM32\d2d1.dll
0x00007ff8e5980000 - 0x00007ff8e5bfe000 	C:\Windows\SYSTEM32\d3d11.dll
0x00007ff8e5190000 - 0x00007ff8e5339000 	C:\Windows\SYSTEM32\PROPSYS.dll
0x00007ff8ec640000 - 0x00007ff8ec704000 	C:\Windows\System32\OLEAUT32.dll
0x00007ff8e3a50000 - 0x00007ff8e3ba3000 	C:\Windows\SYSTEM32\wintypes.dll
0x00007ff8e7140000 - 0x00007ff8e7168000 	C:\Windows\SYSTEM32\RMCLIENT.dll
0x00007ff8e7820000 - 0x00007ff8e7851000 	C:\Windows\SYSTEM32\ntmarta.dll
0x00007ff8e75b0000 - 0x00007ff8e7672000 	C:\Windows\SYSTEM32\dxgi.dll
0x00007ff8e9a00000 - 0x00007ff8e9b6c000 	C:\Windows\System32\MSCTF.dll
0x00007ff8e7430000 - 0x00007ff8e743e000 	C:\Windows\SYSTEM32\HID.DLL
0x00007ff8ec100000 - 0x00007ff8ec576000 	C:\Windows\System32\SETUPAPI.DLL
0x00007ff8e94f0000 - 0x00007ff8e9549000 	C:\Windows\System32\WINTRUST.dll
0x00007ff8d9010000 - 0x00007ff8d9137000 	C:\Windows\SYSTEM32\opengl32.dll
0x00007ff8e1610000 - 0x00007ff8e163c000 	C:\Windows\SYSTEM32\GLU32.dll
0x00007ff8931c0000 - 0x00007ff8940c0000 	C:\Windows\System32\DriverStore\FileRepository\igdlh64.inf_amd64_b5d4c82c67b39358\ig9icd64.dll
0x00007ff8e5370000 - 0x00007ff8e5383000 	C:\Windows\SYSTEM32\WTSAPI32.dll
0x00007ff8ddc70000 - 0x00007ff8dfa10000 	C:\Windows\System32\DriverStore\FileRepository\igdlh64.inf_amd64_b5d4c82c67b39358\igc64.dll
0x00007ff8db270000 - 0x00007ff8db305000 	C:\Windows\System32\TextInputFramework.dll
0x00007ff8c1db0000 - 0x00007ff8c1e09000 	C:\Users\lukas\AppData\Local\Temp\lwjgllukas\3.2.3-build-13\lwjgl_opengl.dll
0x00007ff8dccd0000 - 0x00007ff8dcebd000 	C:\Windows\SYSTEM32\dbghelp.dll

VM Arguments:
jvm_args: -agentlib:jdwp=transport=dt_socket,suspend=y,address=localhost:62499 -javaagent:D:\Eclipse\java-2019-09\eclipse\configuration\org.eclipse.osgi\229\0\.cp\lib\javaagent-shaded.jar -Dfile.encoding=Cp1250 
java_command: pl.klakier.flappybird.Main
java_class_path (initial): D:\Eclipse-workspace\FlappyBird\bin;D:\Eclipse-workspace\FlappyBird\lib\lwjgl-3.2.3\lwjgl\lwjgl-natives-linux-arm32.jar;D:\Eclipse-workspace\FlappyBird\lib\lwjgl-3.2.3\lwjgl\lwjgl-natives-linux-arm64.jar;D:\Eclipse-workspace\FlappyBird\lib\lwjgl-3.2.3\lwjgl\lwjgl-natives-linux.jar;D:\Eclipse-workspace\FlappyBird\lib\lwjgl-3.2.3\lwjgl\lwjgl-natives-macos.jar;D:\Eclipse-workspace\FlappyBird\lib\lwjgl-3.2.3\lwjgl\lwjgl-natives-windows-x86.jar;D:\Eclipse-workspace\FlappyBird\lib\lwjgl-3.2.3\lwjgl\lwjgl-natives-windows.jar;D:\Eclipse-workspace\FlappyBird\lib\lwjgl-3.2.3\lwjgl-glfw\lwjgl-glfw-natives-linux-arm32.jar;D:\Eclipse-workspace\FlappyBird\lib\lwjgl-3.2.3\lwjgl-glfw\lwjgl-glfw-natives-linux-arm64.jar;D:\Eclipse-workspace\FlappyBird\lib\lwjgl-3.2.3\lwjgl-glfw\lwjgl-glfw-natives-linux.jar;D:\Eclipse-workspace\FlappyBird\lib\lwjgl-3.2.3\lwjgl-glfw\lwjgl-glfw-natives-macos.jar;D:\Eclipse-workspace\FlappyBird\lib\lwjgl-3.2.3\lwjgl-glfw\lwjgl-glfw-natives-windows-x86.jar;D:\Eclipse-workspace\FlappyBird\lib\lwjgl-3.2.3\lwjgl-glfw\lwjgl-glfw-natives-windows.jar;D:\Eclipse-workspace\FlappyBird\lib\lwjgl-3.2.3\lwjgl-glfw\lwjgl-glfw.jar;D:\Eclipse-workspace\FlappyBird\lib\lwjgl-3.2.3\lwjgl-opengl\lwjgl-opengl-natives-linux-arm32.jar;D:\Eclipse-workspace\FlappyBird\lib\lwjgl-3.2.3\lwjgl-opengl\lwjgl-opengl-natives-linux-arm64.jar;D:\Eclipse-workspace\FlappyBird\lib\lwjgl-3.2.3\lwjgl-opengl\lwjgl-opengl-natives-linux.jar;D:\Eclipse-workspace\FlappyBird\lib\lwjgl-3.2.3\lwjgl-opengl\lwjgl-opengl-natives-macos.jar;D:\Eclipse-workspace\FlappyBird\lib\lwjgl-3.2.3\lwjgl-opengl\lwjgl-opengl-natives-windows-x86.jar;D:\Eclipse-workspace\FlappyBird\lib\lwjgl-3.2.3\lwjgl-opengl\lwjgl-opengl-natives-windows.jar;D:\Eclipse-workspace\FlappyBird\lib\lwjgl-3.2.3\lwjgl-opengl\lwjgl-opengl.jar;D:\Eclipse-workspace\FlappyBird\lib\lwjgl-3.2.3\lwjgl\lwjgl.jar;D:\Eclipse\java-2019-09\eclipse\configuration\org.eclipse.osgi\229\0\.cp\lib\javaagent-shaded.jar
Launcher Type: SUN_STANDARD

Environment Variables:
JAVA_HOME=C:\Program Files\Java\jdk1.8.0_201
PATH=C:/Program Files/Java/jre1.8.0_201/bin/server;C:/Program Files/Java/jre1.8.0_201/bin;C:/Program Files/Java/jre1.8.0_201/lib/amd64;C:\Program Files (x86)\Common Files\Oracle\Java\javapath;C:\Windows\system32;C:\Windows;C:\Windows\System32\Wbem;C:\Windows\System32\WindowsPowerShell\v1.0\;C:\Windows\System32\OpenSSH\;C:\Program Files\dotnet\;C:\Program Files\Java\jdk1.8.0_201\bin;D:\XAMPP\php;C:\ProgramData\ComposerSetup\bin;D:\Git\cmd;D:\nodejs\;C:\Program Files (x86)\STMicroelectronics\STM32 ST-LINK Utility\ST-LINK Utility;C:\Users\lukas\AppData\Local\Microsoft\WindowsApps;C:\Users\lukas\AppData\Roaming\Composer\vendor\bin;D:\Microsoft VS Code\bin;D:\heroku\bin;C:\Users\lukas\AppData\Roaming\npm;C:\Users\lukas\Desktop;
USERNAME=lukas
OS=Windows_NT
PROCESSOR_IDENTIFIER=Intel64 Family 6 Model 158 Stepping 10, GenuineIntel



---------------  S Y S T E M  ---------------

OS: Windows 10.0 , 64 bit Build 17763 (10.0.17763.475)

CPU:total 12 (initial active 12) (6 cores per cpu, 2 threads per core) family 6 model 158 stepping 10, cmov, cx8, fxsr, mmx, sse, sse2, sse3, ssse3, sse4.1, sse4.2, popcnt, avx, avx2, aes, clmul, erms, 3dnowpref, lzcnt, ht, tsc, tscinvbit, bmi1, bmi2, adx

Memory: 4k page, physical 8227124k(2755012k free), swap 13470004k(4287556k free)

vm_info: Java HotSpot(TM) 64-Bit Server VM (25.201-b09) for windows-amd64 JRE (1.8.0_201-b09), built on Dec 15 2018 18:36:39 by "java_re" with MS VC++ 10.0 (VS2010)

time: Fri Apr 24 19:44:45 2020
timezone: Œrodkowoeuropejski czas letni
elapsed time: 73 seconds (0d 0h 1m 13s)

